[ 2017-12-28T15:14:00+08:00 ] 192.168.10.146 /laneige_git/php/campaign/index.php/Silkintense2018/
INFO: [ app_init ] --START--
INFO: Run Behavior\BuildLiteBehavior [ RunTime:0.000028s ]
INFO: [ app_init ] --END-- [ RunTime:0.000554s ]
INFO: [ app_begin ] --START--
INFO: Run Behavior\ReadHtmlCacheBehavior [ RunTime:0.000650s ]
INFO: [ app_begin ] --END-- [ RunTime:0.000776s ]
INFO: [ view_parse ] --START--
INFO: [ template_filter ] --START--
INFO: Run Behavior\ContentReplaceBehavior [ RunTime:0.000135s ]
INFO: [ template_filter ] --END-- [ RunTime:0.000254s ]
NOTIC: [8] Undefined variable: signPackage D:\wamp\wamp\www\laneige_git\php\campaign\Application\Runtime\Cache\Silkintense2018\1ffa3fe4f19ac76d0cfa020707be7958.php 第 129 行.
NOTIC: [8] Undefined variable: signPackage D:\wamp\wamp\www\laneige_git\php\campaign\Application\Runtime\Cache\Silkintense2018\1ffa3fe4f19ac76d0cfa020707be7958.php 第 130 行.
NOTIC: [8] Undefined variable: signPackage D:\wamp\wamp\www\laneige_git\php\campaign\Application\Runtime\Cache\Silkintense2018\1ffa3fe4f19ac76d0cfa020707be7958.php 第 131 行.
NOTIC: [8] Undefined variable: signPackage D:\wamp\wamp\www\laneige_git\php\campaign\Application\Runtime\Cache\Silkintense2018\1ffa3fe4f19ac76d0cfa020707be7958.php 第 132 行.
NOTIC: [8] Undefined variable: signPackage D:\wamp\wamp\www\laneige_git\php\campaign\Application\Runtime\Cache\Silkintense2018\1ffa3fe4f19ac76d0cfa020707be7958.php 第 155 行.
INFO: Run Behavior\ParseTemplateBehavior [ RunTime:0.007715s ]
INFO: [ view_parse ] --END-- [ RunTime:0.007831s ]
INFO: [ view_filter ] --START--
INFO: Run Behavior\WriteHtmlCacheBehavior [ RunTime:0.000415s ]
INFO: [ view_filter ] --END-- [ RunTime:0.000524s ]
INFO: [ app_end ] --START--
INFO: Run Behavior\ShowPageTraceBehavior [ RunTime:0.000546s ]
INFO: [ app_end ] --END-- [ RunTime:0.000658s ]

[ 2017-12-28T15:52:01+08:00 ] 192.168.10.146 /laneige_git/php/campaign/index.php/Silkintense2018/
INFO: [ app_init ] --START--
INFO: Run Behavior\BuildLiteBehavior [ RunTime:0.000027s ]
INFO: [ app_init ] --END-- [ RunTime:0.000556s ]
INFO: [ app_begin ] --START--
INFO: Run Behavior\ReadHtmlCacheBehavior [ RunTime:0.000722s ]
INFO: [ app_begin ] --END-- [ RunTime:0.000841s ]
INFO: [ view_parse ] --START--
INFO: [ template_filter ] --START--
INFO: Run Behavior\ContentReplaceBehavior [ RunTime:0.000149s ]
INFO: [ template_filter ] --END-- [ RunTime:0.000265s ]
NOTIC: [8] Undefined variable: signPackage D:\wamp\wamp\www\laneige_git\php\campaign\Application\Runtime\Cache\Silkintense2018\1ffa3fe4f19ac76d0cfa020707be7958.php 第 129 行.
NOTIC: [8] Undefined variable: signPackage D:\wamp\wamp\www\laneige_git\php\campaign\Application\Runtime\Cache\Silkintense2018\1ffa3fe4f19ac76d0cfa020707be7958.php 第 130 行.
NOTIC: [8] Undefined variable: signPackage D:\wamp\wamp\www\laneige_git\php\campaign\Application\Runtime\Cache\Silkintense2018\1ffa3fe4f19ac76d0cfa020707be7958.php 第 131 行.
NOTIC: [8] Undefined variable: signPackage D:\wamp\wamp\www\laneige_git\php\campaign\Application\Runtime\Cache\Silkintense2018\1ffa3fe4f19ac76d0cfa020707be7958.php 第 132 行.
NOTIC: [8] Undefined variable: signPackage D:\wamp\wamp\www\laneige_git\php\campaign\Application\Runtime\Cache\Silkintense2018\1ffa3fe4f19ac76d0cfa020707be7958.php 第 155 行.
INFO: Run Behavior\ParseTemplateBehavior [ RunTime:0.009056s ]
INFO: [ view_parse ] --END-- [ RunTime:0.009174s ]
INFO: [ view_filter ] --START--
INFO: Run Behavior\WriteHtmlCacheBehavior [ RunTime:0.000604s ]
INFO: [ view_filter ] --END-- [ RunTime:0.000786s ]
INFO: [ app_end ] --START--
INFO: Run Behavior\ShowPageTraceBehavior [ RunTime:0.000737s ]
INFO: [ app_end ] --END-- [ RunTime:0.000859s ]

[ 2017-12-28T15:52:33+08:00 ] 192.168.10.146 /laneige_git/php/campaign/index.php/Silkintense2018/
INFO: [ app_init ] --START--
INFO: Run Behavior\BuildLiteBehavior [ RunTime:0.000025s ]
INFO: [ app_init ] --END-- [ RunTime:0.000494s ]
INFO: [ app_begin ] --START--
INFO: Run Behavior\ReadHtmlCacheBehavior [ RunTime:0.000710s ]
INFO: [ app_begin ] --END-- [ RunTime:0.000832s ]
INFO: [ view_parse ] --START--
INFO: [ template_filter ] --START--
INFO: Run Behavior\ContentReplaceBehavior [ RunTime:0.000134s ]
INFO: [ template_filter ] --END-- [ RunTime:0.000254s ]
NOTIC: [8] Undefined variable: signPackage D:\wamp\wamp\www\laneige_git\php\campaign\Application\Runtime\Cache\Silkintense2018\1ffa3fe4f19ac76d0cfa020707be7958.php 第 129 行.
NOTIC: [8] Undefined variable: signPackage D:\wamp\wamp\www\laneige_git\php\campaign\Application\Runtime\Cache\Silkintense2018\1ffa3fe4f19ac76d0cfa020707be7958.php 第 130 行.
NOTIC: [8] Undefined variable: signPackage D:\wamp\wamp\www\laneige_git\php\campaign\Application\Runtime\Cache\Silkintense2018\1ffa3fe4f19ac76d0cfa020707be7958.php 第 131 行.
NOTIC: [8] Undefined variable: signPackage D:\wamp\wamp\www\laneige_git\php\campaign\Application\Runtime\Cache\Silkintense2018\1ffa3fe4f19ac76d0cfa020707be7958.php 第 132 行.
NOTIC: [8] Undefined variable: signPackage D:\wamp\wamp\www\laneige_git\php\campaign\Application\Runtime\Cache\Silkintense2018\1ffa3fe4f19ac76d0cfa020707be7958.php 第 155 行.
INFO: Run Behavior\ParseTemplateBehavior [ RunTime:0.008556s ]
INFO: [ view_parse ] --END-- [ RunTime:0.008672s ]
INFO: [ view_filter ] --START--
INFO: Run Behavior\WriteHtmlCacheBehavior [ RunTime:0.000538s ]
INFO: [ view_filter ] --END-- [ RunTime:0.000650s ]
INFO: [ app_end ] --START--
INFO: Run Behavior\ShowPageTraceBehavior [ RunTime:0.000955s ]
INFO: [ app_end ] --END-- [ RunTime:0.001133s ]

[ 2017-12-28T16:09:17+08:00 ] 192.168.10.146 /laneige_git/php/campaign/index.php/Silkintense2018/
INFO: [ app_init ] --START--
INFO: Run Behavior\BuildLiteBehavior [ RunTime:0.000027s ]
INFO: [ app_init ] --END-- [ RunTime:0.000604s ]
INFO: [ app_begin ] --START--
INFO: Run Behavior\ReadHtmlCacheBehavior [ RunTime:0.000878s ]
INFO: [ app_begin ] --END-- [ RunTime:0.001016s ]
INFO: [ view_parse ] --START--
INFO: [ template_filter ] --START--
INFO: Run Behavior\ContentReplaceBehavior [ RunTime:0.000142s ]
INFO: [ template_filter ] --END-- [ RunTime:0.000300s ]
NOTIC: [8] Undefined variable: signPackage D:\wamp\wamp\www\laneige_git\php\campaign\Application\Runtime\Cache\Silkintense2018\1ffa3fe4f19ac76d0cfa020707be7958.php 第 129 行.
NOTIC: [8] Undefined variable: signPackage D:\wamp\wamp\www\laneige_git\php\campaign\Application\Runtime\Cache\Silkintense2018\1ffa3fe4f19ac76d0cfa020707be7958.php 第 130 行.
NOTIC: [8] Undefined variable: signPackage D:\wamp\wamp\www\laneige_git\php\campaign\Application\Runtime\Cache\Silkintense2018\1ffa3fe4f19ac76d0cfa020707be7958.php 第 131 行.
NOTIC: [8] Undefined variable: signPackage D:\wamp\wamp\www\laneige_git\php\campaign\Application\Runtime\Cache\Silkintense2018\1ffa3fe4f19ac76d0cfa020707be7958.php 第 132 行.
NOTIC: [8] Undefined variable: signPackage D:\wamp\wamp\www\laneige_git\php\campaign\Application\Runtime\Cache\Silkintense2018\1ffa3fe4f19ac76d0cfa020707be7958.php 第 155 行.
INFO: Run Behavior\ParseTemplateBehavior [ RunTime:0.009163s ]
INFO: [ view_parse ] --END-- [ RunTime:0.009287s ]
INFO: [ view_filter ] --START--
INFO: Run Behavior\WriteHtmlCacheBehavior [ RunTime:0.000616s ]
INFO: [ view_filter ] --END-- [ RunTime:0.000731s ]
INFO: [ app_end ] --START--
INFO: Run Behavior\ShowPageTraceBehavior [ RunTime:0.000928s ]
INFO: [ app_end ] --END-- [ RunTime:0.001054s ]

