[ 2017-12-27T10:18:54+08:00 ] 127.0.0.1 /sanfu/php/
INFO: [ app_init ] --START--
INFO: Run Behavior\BuildLiteBehavior [ RunTime:0.000000s ]
INFO: [ app_init ] --END-- [ RunTime:0.001000s ]
INFO: [ app_begin ] --START--
INFO: Run Behavior\ReadHtmlCacheBehavior [ RunTime:0.001000s ]
INFO: [ app_begin ] --END-- [ RunTime:0.001000s ]
SQL: SHOW COLUMNS FROM `sanfu_christmaswish_info` [ RunTime:0.0070s ]
SQL: SELECT * FROM `sanfu_christmaswish_info` WHERE ( fromopenid='' )  [ RunTime:0.0010s ]
INFO: [ view_parse ] --START--
INFO: [ template_filter ] --START--
INFO: Run Behavior\ContentReplaceBehavior [ RunTime:0.000000s ]
INFO: [ template_filter ] --END-- [ RunTime:0.000000s ]
NOTIC: [8] Undefined variable: signPackage D:\phpStudy\WWW\sanfu\php\Application\Runtime\Cache\Home\2a94b8bda04ff446dcedd42276fc99ee.php 第 207 行.
NOTIC: [8] Undefined variable: signPackage D:\phpStudy\WWW\sanfu\php\Application\Runtime\Cache\Home\2a94b8bda04ff446dcedd42276fc99ee.php 第 208 行.
NOTIC: [8] Undefined variable: signPackage D:\phpStudy\WWW\sanfu\php\Application\Runtime\Cache\Home\2a94b8bda04ff446dcedd42276fc99ee.php 第 209 行.
NOTIC: [8] Undefined variable: signPackage D:\phpStudy\WWW\sanfu\php\Application\Runtime\Cache\Home\2a94b8bda04ff446dcedd42276fc99ee.php 第 210 行.
INFO: Run Behavior\ParseTemplateBehavior [ RunTime:0.009000s ]
INFO: [ view_parse ] --END-- [ RunTime:0.009000s ]
INFO: [ view_filter ] --START--
INFO: Run Behavior\WriteHtmlCacheBehavior [ RunTime:0.001000s ]
INFO: [ view_filter ] --END-- [ RunTime:0.001000s ]
INFO: [ app_end ] --START--
INFO: Run Behavior\ShowPageTraceBehavior [ RunTime:0.001000s ]
INFO: [ app_end ] --END-- [ RunTime:0.001000s ]

[ 2017-12-27T10:19:06+08:00 ] 127.0.0.1 /sanfu/php/index.php
INFO: [ app_init ] --START--
INFO: Run Behavior\BuildLiteBehavior [ RunTime:0.000000s ]
INFO: [ app_init ] --END-- [ RunTime:0.001000s ]
INFO: [ app_begin ] --START--
INFO: Run Behavior\ReadHtmlCacheBehavior [ RunTime:0.002000s ]
INFO: [ app_begin ] --END-- [ RunTime:0.002000s ]
SQL: SHOW COLUMNS FROM `sanfu_christmaswish_info` [ RunTime:0.0100s ]
SQL: SELECT * FROM `sanfu_christmaswish_info` WHERE ( fromopenid='' )  [ RunTime:0.0020s ]
NOTIC: [8] Undefined index: HTTP_USER_AGENT D:\phpStudy\WWW\sanfu\php\Application\Home\Controller\IndexController.class.php 第 115 行.
INFO: [ view_parse ] --START--
INFO: [ template_filter ] --START--
INFO: Run Behavior\ContentReplaceBehavior [ RunTime:0.000000s ]
INFO: [ template_filter ] --END-- [ RunTime:0.000000s ]
NOTIC: [8] Undefined variable: signPackage D:\phpStudy\WWW\sanfu\php\Application\Runtime\Cache\Home\2a94b8bda04ff446dcedd42276fc99ee.php 第 207 行.
NOTIC: [8] Undefined variable: signPackage D:\phpStudy\WWW\sanfu\php\Application\Runtime\Cache\Home\2a94b8bda04ff446dcedd42276fc99ee.php 第 208 行.
NOTIC: [8] Undefined variable: signPackage D:\phpStudy\WWW\sanfu\php\Application\Runtime\Cache\Home\2a94b8bda04ff446dcedd42276fc99ee.php 第 209 行.
NOTIC: [8] Undefined variable: signPackage D:\phpStudy\WWW\sanfu\php\Application\Runtime\Cache\Home\2a94b8bda04ff446dcedd42276fc99ee.php 第 210 行.
INFO: Run Behavior\ParseTemplateBehavior [ RunTime:0.012000s ]
INFO: [ view_parse ] --END-- [ RunTime:0.012000s ]
INFO: [ view_filter ] --START--
INFO: Run Behavior\WriteHtmlCacheBehavior [ RunTime:0.001000s ]
INFO: [ view_filter ] --END-- [ RunTime:0.001000s ]
INFO: [ app_end ] --START--
INFO: Run Behavior\ShowPageTraceBehavior [ RunTime:0.002000s ]
INFO: [ app_end ] --END-- [ RunTime:0.002000s ]

[ 2017-12-27T10:19:12+08:00 ] 127.0.0.1 /sanfu/php/index.php
INFO: [ app_init ] --START--
INFO: Run Behavior\BuildLiteBehavior [ RunTime:0.000000s ]
INFO: [ app_init ] --END-- [ RunTime:0.001000s ]
INFO: [ app_begin ] --START--
INFO: Run Behavior\ReadHtmlCacheBehavior [ RunTime:0.000000s ]
INFO: [ app_begin ] --END-- [ RunTime:0.000000s ]
SQL: SHOW COLUMNS FROM `sanfu_christmaswish_info` [ RunTime:0.0110s ]
SQL: SELECT * FROM `sanfu_christmaswish_info` WHERE ( fromopenid='' )  [ RunTime:0.0010s ]
NOTIC: [8] Undefined index: HTTP_USER_AGENT D:\phpStudy\WWW\sanfu\php\Application\Home\Controller\IndexController.class.php 第 115 行.
INFO: [ view_parse ] --START--
INFO: [ template_filter ] --START--
INFO: Run Behavior\ContentReplaceBehavior [ RunTime:0.000000s ]
INFO: [ template_filter ] --END-- [ RunTime:0.000000s ]
NOTIC: [8] Undefined variable: signPackage D:\phpStudy\WWW\sanfu\php\Application\Runtime\Cache\Home\2a94b8bda04ff446dcedd42276fc99ee.php 第 207 行.
NOTIC: [8] Undefined variable: signPackage D:\phpStudy\WWW\sanfu\php\Application\Runtime\Cache\Home\2a94b8bda04ff446dcedd42276fc99ee.php 第 208 行.
NOTIC: [8] Undefined variable: signPackage D:\phpStudy\WWW\sanfu\php\Application\Runtime\Cache\Home\2a94b8bda04ff446dcedd42276fc99ee.php 第 209 行.
NOTIC: [8] Undefined variable: signPackage D:\phpStudy\WWW\sanfu\php\Application\Runtime\Cache\Home\2a94b8bda04ff446dcedd42276fc99ee.php 第 210 行.
INFO: Run Behavior\ParseTemplateBehavior [ RunTime:0.010000s ]
INFO: [ view_parse ] --END-- [ RunTime:0.010000s ]
INFO: [ view_filter ] --START--
INFO: Run Behavior\WriteHtmlCacheBehavior [ RunTime:0.000000s ]
INFO: [ view_filter ] --END-- [ RunTime:0.000000s ]
INFO: [ app_end ] --START--
INFO: Run Behavior\ShowPageTraceBehavior [ RunTime:0.001000s ]
INFO: [ app_end ] --END-- [ RunTime:0.001000s ]

[ 2017-12-27T11:32:49+08:00 ] 127.0.0.1 /sanfu/php/Home/Index/saveInfo.html
INFO: [ app_init ] --START--
INFO: Run Behavior\BuildLiteBehavior [ RunTime:0.000000s ]
INFO: [ app_init ] --END-- [ RunTime:0.000000s ]
INFO: [ app_begin ] --START--
INFO: Run Behavior\ReadHtmlCacheBehavior [ RunTime:0.000000s ]
INFO: [ app_begin ] --END-- [ RunTime:0.000000s ]
SQL: SHOW COLUMNS FROM `sanfu_christmaswish_info` [ RunTime:0.0080s ]
SQL: INSERT INTO `sanfu_christmaswish_info` (`to`,`content`,`fromopenid`,`img`,`time`) VALUES ('zhaoxin','你在哪，我在找你',NULL,'H5/sanfu/christmash5/upload/15143455684696.png','2017-12-27 11:32:48') [ RunTime:0.0410s ]

[ 2017-12-27T14:07:29+08:00 ] 127.0.0.1 /sanfu/php/
INFO: [ app_init ] --START--
INFO: Run Behavior\BuildLiteBehavior [ RunTime:0.000000s ]
INFO: [ app_init ] --END-- [ RunTime:0.001000s ]
INFO: [ app_begin ] --START--
INFO: Run Behavior\ReadHtmlCacheBehavior [ RunTime:0.001000s ]
INFO: [ app_begin ] --END-- [ RunTime:0.001000s ]
SQL: SHOW COLUMNS FROM `sanfu_christmaswish_info` [ RunTime:0.0100s ]
SQL: SELECT * FROM `sanfu_christmaswish_info` WHERE ( fromopenid='' )  [ RunTime:0.0010s ]
INFO: [ view_parse ] --START--
INFO: [ template_filter ] --START--
INFO: Run Behavior\ContentReplaceBehavior [ RunTime:0.001000s ]
INFO: [ template_filter ] --END-- [ RunTime:0.001000s ]
NOTIC: [8] Undefined variable: signPackage D:\phpStudy\WWW\sanfu\php\Application\Runtime\Cache\Home\2a94b8bda04ff446dcedd42276fc99ee.php 第 207 行.
NOTIC: [8] Undefined variable: signPackage D:\phpStudy\WWW\sanfu\php\Application\Runtime\Cache\Home\2a94b8bda04ff446dcedd42276fc99ee.php 第 208 行.
NOTIC: [8] Undefined variable: signPackage D:\phpStudy\WWW\sanfu\php\Application\Runtime\Cache\Home\2a94b8bda04ff446dcedd42276fc99ee.php 第 209 行.
NOTIC: [8] Undefined variable: signPackage D:\phpStudy\WWW\sanfu\php\Application\Runtime\Cache\Home\2a94b8bda04ff446dcedd42276fc99ee.php 第 210 行.
INFO: Run Behavior\ParseTemplateBehavior [ RunTime:0.010000s ]
INFO: [ view_parse ] --END-- [ RunTime:0.010000s ]
INFO: [ view_filter ] --START--
INFO: Run Behavior\WriteHtmlCacheBehavior [ RunTime:0.001000s ]
INFO: [ view_filter ] --END-- [ RunTime:0.001000s ]
INFO: [ app_end ] --START--
INFO: Run Behavior\ShowPageTraceBehavior [ RunTime:0.001000s ]
INFO: [ app_end ] --END-- [ RunTime:0.001000s ]

[ 2017-12-27T14:08:58+08:00 ] 127.0.0.1 /sanfu/php/Home/Index/saveInfo.html
INFO: [ app_init ] --START--
INFO: Run Behavior\BuildLiteBehavior [ RunTime:0.000000s ]
INFO: [ app_init ] --END-- [ RunTime:0.001000s ]
INFO: [ app_begin ] --START--
INFO: Run Behavior\ReadHtmlCacheBehavior [ RunTime:0.001000s ]
INFO: [ app_begin ] --END-- [ RunTime:0.001000s ]
ERR: 1146:Table 'test.sanfu_christmaswish_test' doesn't exist
 [ SQL语句 ] : SHOW COLUMNS FROM `sanfu_christmaswish_test`
ERR: 1146:Table 'test.sanfu_christmaswish_test' doesn't exist
 [ SQL语句 ] : SHOW COLUMNS FROM `sanfu_christmaswish_test`

[ 2017-12-27T16:31:13+08:00 ] 127.0.0.1 /sanfu/php/
INFO: [ app_init ] --START--
INFO: Run Behavior\BuildLiteBehavior [ RunTime:0.000000s ]
INFO: [ app_init ] --END-- [ RunTime:0.001000s ]
INFO: [ app_begin ] --START--
INFO: Run Behavior\ReadHtmlCacheBehavior [ RunTime:0.001000s ]
INFO: [ app_begin ] --END-- [ RunTime:0.001000s ]
SQL: SHOW COLUMNS FROM `sanfu_christmaswish_info` [ RunTime:0.0080s ]
SQL: SELECT * FROM `sanfu_christmaswish_info` WHERE ( fromopenid='' )  [ RunTime:0.0010s ]
INFO: [ view_parse ] --START--
INFO: [ template_filter ] --START--
INFO: Run Behavior\ContentReplaceBehavior [ RunTime:0.001000s ]
INFO: [ template_filter ] --END-- [ RunTime:0.001000s ]
NOTIC: [8] Undefined variable: signPackage D:\phpStudy\WWW\sanfu\php\Application\Runtime\Cache\Home\2a94b8bda04ff446dcedd42276fc99ee.php 第 207 行.
NOTIC: [8] Undefined variable: signPackage D:\phpStudy\WWW\sanfu\php\Application\Runtime\Cache\Home\2a94b8bda04ff446dcedd42276fc99ee.php 第 208 行.
NOTIC: [8] Undefined variable: signPackage D:\phpStudy\WWW\sanfu\php\Application\Runtime\Cache\Home\2a94b8bda04ff446dcedd42276fc99ee.php 第 209 行.
NOTIC: [8] Undefined variable: signPackage D:\phpStudy\WWW\sanfu\php\Application\Runtime\Cache\Home\2a94b8bda04ff446dcedd42276fc99ee.php 第 210 行.
INFO: Run Behavior\ParseTemplateBehavior [ RunTime:0.009000s ]
INFO: [ view_parse ] --END-- [ RunTime:0.009000s ]
INFO: [ view_filter ] --START--
INFO: Run Behavior\WriteHtmlCacheBehavior [ RunTime:0.000000s ]
INFO: [ view_filter ] --END-- [ RunTime:0.000000s ]
INFO: [ app_end ] --START--
INFO: Run Behavior\ShowPageTraceBehavior [ RunTime:0.001000s ]
INFO: [ app_end ] --END-- [ RunTime:0.001000s ]

[ 2017-12-27T16:32:36+08:00 ] 127.0.0.1 /sanfu/php/Home/Index/saveInfo.html
INFO: [ app_init ] --START--
INFO: Run Behavior\BuildLiteBehavior [ RunTime:0.000000s ]
INFO: [ app_init ] --END-- [ RunTime:0.000000s ]
INFO: [ app_begin ] --START--
INFO: Run Behavior\ReadHtmlCacheBehavior [ RunTime:0.001000s ]
INFO: [ app_begin ] --END-- [ RunTime:0.001000s ]
ERR: 1146:Table 'test.sanfu_christmaswish_test' doesn't exist
 [ SQL语句 ] : SHOW COLUMNS FROM `sanfu_christmaswish_test`
ERR: 1146:Table 'test.sanfu_christmaswish_test' doesn't exist
 [ SQL语句 ] : SHOW COLUMNS FROM `sanfu_christmaswish_test`

[ 2017-12-27T16:35:59+08:00 ] 127.0.0.1 /sanfu/php/
INFO: [ app_init ] --START--
INFO: Run Behavior\BuildLiteBehavior [ RunTime:0.000000s ]
INFO: [ app_init ] --END-- [ RunTime:0.000000s ]
INFO: [ app_begin ] --START--
INFO: Run Behavior\ReadHtmlCacheBehavior [ RunTime:0.001000s ]
INFO: [ app_begin ] --END-- [ RunTime:0.001000s ]

[ 2017-12-27T16:36:29+08:00 ] 127.0.0.1 /sanfu/php/
INFO: [ app_init ] --START--
INFO: Run Behavior\BuildLiteBehavior [ RunTime:0.000000s ]
INFO: [ app_init ] --END-- [ RunTime:0.001000s ]
INFO: [ app_begin ] --START--
INFO: Run Behavior\ReadHtmlCacheBehavior [ RunTime:0.000000s ]
INFO: [ app_begin ] --END-- [ RunTime:0.000000s ]
SQL: SHOW COLUMNS FROM `sanfu_christmaswish_info` [ RunTime:0.0080s ]
SQL: SELECT * FROM `sanfu_christmaswish_info` WHERE ( fromopenid='' )  [ RunTime:0.0010s ]
INFO: [ view_parse ] --START--
INFO: [ template_filter ] --START--
INFO: Run Behavior\ContentReplaceBehavior [ RunTime:0.000000s ]
INFO: [ template_filter ] --END-- [ RunTime:0.000000s ]
NOTIC: [8] Undefined variable: signPackage D:\phpStudy\WWW\sanfu\php\Application\Runtime\Cache\Home\2a94b8bda04ff446dcedd42276fc99ee.php 第 207 行.
NOTIC: [8] Undefined variable: signPackage D:\phpStudy\WWW\sanfu\php\Application\Runtime\Cache\Home\2a94b8bda04ff446dcedd42276fc99ee.php 第 208 行.
NOTIC: [8] Undefined variable: signPackage D:\phpStudy\WWW\sanfu\php\Application\Runtime\Cache\Home\2a94b8bda04ff446dcedd42276fc99ee.php 第 209 行.
NOTIC: [8] Undefined variable: signPackage D:\phpStudy\WWW\sanfu\php\Application\Runtime\Cache\Home\2a94b8bda04ff446dcedd42276fc99ee.php 第 210 行.
INFO: Run Behavior\ParseTemplateBehavior [ RunTime:0.009000s ]
INFO: [ view_parse ] --END-- [ RunTime:0.009000s ]
INFO: [ view_filter ] --START--
INFO: Run Behavior\WriteHtmlCacheBehavior [ RunTime:0.000000s ]
INFO: [ view_filter ] --END-- [ RunTime:0.000000s ]
INFO: [ app_end ] --START--
INFO: Run Behavior\ShowPageTraceBehavior [ RunTime:0.000000s ]
INFO: [ app_end ] --END-- [ RunTime:0.000000s ]

[ 2017-12-27T16:37:13+08:00 ] 127.0.0.1 /sanfu/php/Home/Index/saveInfo.html
INFO: [ app_init ] --START--
INFO: Run Behavior\BuildLiteBehavior [ RunTime:0.000000s ]
INFO: [ app_init ] --END-- [ RunTime:0.000000s ]
INFO: [ app_begin ] --START--
INFO: Run Behavior\ReadHtmlCacheBehavior [ RunTime:0.000000s ]
INFO: [ app_begin ] --END-- [ RunTime:0.000000s ]
ERR: 1146:Table 'test.sanfu_christmaswish_test' doesn't exist
 [ SQL语句 ] : SHOW COLUMNS FROM `sanfu_christmaswish_test`
ERR: 1146:Table 'test.sanfu_christmaswish_test' doesn't exist
 [ SQL语句 ] : SHOW COLUMNS FROM `sanfu_christmaswish_test`

[ 2017-12-27T16:39:41+08:00 ] 127.0.0.1 /sanfu/php/Home/Index/saveInfo.html
INFO: [ app_init ] --START--
INFO: Run Behavior\BuildLiteBehavior [ RunTime:0.000000s ]
INFO: [ app_init ] --END-- [ RunTime:0.000000s ]
INFO: [ app_begin ] --START--
INFO: Run Behavior\ReadHtmlCacheBehavior [ RunTime:0.001000s ]
INFO: [ app_begin ] --END-- [ RunTime:0.001000s ]
INFO: [ app_end ] --START--
INFO: Run Behavior\ShowPageTraceBehavior [ RunTime:0.001000s ]
INFO: [ app_end ] --END-- [ RunTime:0.001000s ]

[ 2017-12-27T16:47:08+08:00 ] 127.0.0.1 /sanfu/php/
INFO: [ app_init ] --START--
INFO: Run Behavior\BuildLiteBehavior [ RunTime:0.000000s ]
INFO: [ app_init ] --END-- [ RunTime:0.000000s ]
INFO: [ app_begin ] --START--
INFO: Run Behavior\ReadHtmlCacheBehavior [ RunTime:0.001000s ]
INFO: [ app_begin ] --END-- [ RunTime:0.001000s ]
SQL: SHOW COLUMNS FROM `sanfu_christmaswish_info` [ RunTime:0.0140s ]
SQL: SELECT * FROM `sanfu_christmaswish_info` WHERE ( fromopenid='' )  [ RunTime:0.0060s ]
INFO: [ view_parse ] --START--
INFO: [ template_filter ] --START--
INFO: Run Behavior\ContentReplaceBehavior [ RunTime:0.000000s ]
INFO: [ template_filter ] --END-- [ RunTime:0.000000s ]
NOTIC: [8] Undefined variable: signPackage D:\phpStudy\WWW\sanfu\php\Application\Runtime\Cache\Home\2a94b8bda04ff446dcedd42276fc99ee.php 第 207 行.
NOTIC: [8] Undefined variable: signPackage D:\phpStudy\WWW\sanfu\php\Application\Runtime\Cache\Home\2a94b8bda04ff446dcedd42276fc99ee.php 第 208 行.
NOTIC: [8] Undefined variable: signPackage D:\phpStudy\WWW\sanfu\php\Application\Runtime\Cache\Home\2a94b8bda04ff446dcedd42276fc99ee.php 第 209 行.
NOTIC: [8] Undefined variable: signPackage D:\phpStudy\WWW\sanfu\php\Application\Runtime\Cache\Home\2a94b8bda04ff446dcedd42276fc99ee.php 第 210 行.
INFO: Run Behavior\ParseTemplateBehavior [ RunTime:0.009000s ]
INFO: [ view_parse ] --END-- [ RunTime:0.009000s ]
INFO: [ view_filter ] --START--
INFO: Run Behavior\WriteHtmlCacheBehavior [ RunTime:0.000000s ]
INFO: [ view_filter ] --END-- [ RunTime:0.000000s ]
INFO: [ app_end ] --START--
INFO: Run Behavior\ShowPageTraceBehavior [ RunTime:0.000000s ]
INFO: [ app_end ] --END-- [ RunTime:0.000000s ]

[ 2017-12-27T16:47:56+08:00 ] 127.0.0.1 /sanfu/php/Home/Index/saveInfo.html
INFO: [ app_init ] --START--
INFO: Run Behavior\BuildLiteBehavior [ RunTime:0.000000s ]
INFO: [ app_init ] --END-- [ RunTime:0.001000s ]
INFO: [ app_begin ] --START--
INFO: Run Behavior\ReadHtmlCacheBehavior [ RunTime:0.001000s ]
INFO: [ app_begin ] --END-- [ RunTime:0.001000s ]
SQL: SHOW COLUMNS FROM `sanfu_christmaswish_test` [ RunTime:0.0080s ]
SQL: INSERT INTO `sanfu_christmaswish_test` (`to`,`content`,`fromopenid`,`img`) VALUES ('3','1678','3257','H5/sanfu/christmash5/upload/15143644758536.png') [ RunTime:0.0380s ]

[ 2017-12-27T16:58:01+08:00 ] 127.0.0.1 /sanfu/php/
INFO: [ app_init ] --START--
INFO: Run Behavior\BuildLiteBehavior [ RunTime:0.000000s ]
INFO: [ app_init ] --END-- [ RunTime:0.000000s ]
INFO: [ app_begin ] --START--
INFO: Run Behavior\ReadHtmlCacheBehavior [ RunTime:0.001000s ]
INFO: [ app_begin ] --END-- [ RunTime:0.001000s ]
SQL: SHOW COLUMNS FROM `sanfu_christmaswish_info` [ RunTime:0.0070s ]
SQL: SELECT * FROM `sanfu_christmaswish_info` WHERE ( fromopenid='' )  [ RunTime:0.0010s ]
INFO: [ view_parse ] --START--
INFO: [ template_filter ] --START--
INFO: Run Behavior\ContentReplaceBehavior [ RunTime:0.000000s ]
INFO: [ template_filter ] --END-- [ RunTime:0.000000s ]
NOTIC: [8] Undefined variable: signPackage D:\phpStudy\WWW\sanfu\php\Application\Runtime\Cache\Home\2a94b8bda04ff446dcedd42276fc99ee.php 第 207 行.
NOTIC: [8] Undefined variable: signPackage D:\phpStudy\WWW\sanfu\php\Application\Runtime\Cache\Home\2a94b8bda04ff446dcedd42276fc99ee.php 第 208 行.
NOTIC: [8] Undefined variable: signPackage D:\phpStudy\WWW\sanfu\php\Application\Runtime\Cache\Home\2a94b8bda04ff446dcedd42276fc99ee.php 第 209 行.
NOTIC: [8] Undefined variable: signPackage D:\phpStudy\WWW\sanfu\php\Application\Runtime\Cache\Home\2a94b8bda04ff446dcedd42276fc99ee.php 第 210 行.
INFO: Run Behavior\ParseTemplateBehavior [ RunTime:0.009000s ]
INFO: [ view_parse ] --END-- [ RunTime:0.009000s ]
INFO: [ view_filter ] --START--
INFO: Run Behavior\WriteHtmlCacheBehavior [ RunTime:0.000000s ]
INFO: [ view_filter ] --END-- [ RunTime:0.000000s ]
INFO: [ app_end ] --START--
INFO: Run Behavior\ShowPageTraceBehavior [ RunTime:0.001000s ]
INFO: [ app_end ] --END-- [ RunTime:0.001000s ]

[ 2017-12-27T16:58:52+08:00 ] 127.0.0.1 /sanfu/php/Home/Index/saveInfo.html
INFO: [ app_init ] --START--
INFO: Run Behavior\BuildLiteBehavior [ RunTime:0.000000s ]
INFO: [ app_init ] --END-- [ RunTime:0.000000s ]
INFO: [ app_begin ] --START--
INFO: Run Behavior\ReadHtmlCacheBehavior [ RunTime:0.001000s ]
INFO: [ app_begin ] --END-- [ RunTime:0.001000s ]
SQL: SHOW COLUMNS FROM `sanfu_christmaswish_info` [ RunTime:0.0060s ]
SQL: INSERT INTO `sanfu_christmaswish_info` (`to`,`content`,`fromopenid`,`img`,`time`) VALUES ('123','1231',NULL,'H5/sanfu/christmash5/upload/15143651303220.png','2017-12-27 16:58:51') [ RunTime:0.0360s ]

[ 2017-12-27T17:52:09+08:00 ] 127.0.0.1 /sanfu/php/Home/Index/saveInfo.html
INFO: [ app_init ] --START--
INFO: Run Behavior\BuildLiteBehavior [ RunTime:0.000000s ]
INFO: [ app_init ] --END-- [ RunTime:0.001000s ]
INFO: [ app_begin ] --START--
INFO: Run Behavior\ReadHtmlCacheBehavior [ RunTime:0.001000s ]
INFO: [ app_begin ] --END-- [ RunTime:0.001000s ]
INFO: [ app_end ] --START--
INFO: Run Behavior\ShowPageTraceBehavior [ RunTime:0.000000s ]
INFO: [ app_end ] --END-- [ RunTime:0.000000s ]

