[ 2018-01-03T09:24:21+08:00 ] 127.0.0.1 /royal/php/
INFO: [ app_init ] --START--
INFO: Run Behavior\BuildLiteBehavior [ RunTime:0.000000s ]
INFO: [ app_init ] --END-- [ RunTime:0.003000s ]
INFO: [ app_begin ] --START--
INFO: Run Behavior\ReadHtmlCacheBehavior [ RunTime:0.001000s ]
INFO: [ app_begin ] --END-- [ RunTime:0.001000s ]

[ 2018-01-03T09:49:06+08:00 ] 127.0.0.1 /royal/php/
INFO: [ app_init ] --START--
INFO: Run Behavior\BuildLiteBehavior [ RunTime:0.000000s ]
INFO: [ app_init ] --END-- [ RunTime:0.001000s ]
INFO: [ app_begin ] --START--
INFO: Run Behavior\ReadHtmlCacheBehavior [ RunTime:0.001000s ]
INFO: [ app_begin ] --END-- [ RunTime:0.001000s ]

[ 2018-01-03T10:20:01+08:00 ] 127.0.0.1 /royal/php/
INFO: [ app_init ] --START--
INFO: Run Behavior\BuildLiteBehavior [ RunTime:0.000000s ]
INFO: [ app_init ] --END-- [ RunTime:0.000000s ]
INFO: [ app_begin ] --START--
INFO: Run Behavior\ReadHtmlCacheBehavior [ RunTime:0.000000s ]
INFO: [ app_begin ] --END-- [ RunTime:0.000000s ]

[ 2018-01-03T10:20:16+08:00 ] 127.0.0.1 /royal/php/index.php
INFO: [ app_init ] --START--
INFO: Run Behavior\BuildLiteBehavior [ RunTime:0.000000s ]
INFO: [ app_init ] --END-- [ RunTime:0.000000s ]
INFO: [ app_begin ] --START--
INFO: Run Behavior\ReadHtmlCacheBehavior [ RunTime:0.001000s ]
INFO: [ app_begin ] --END-- [ RunTime:0.001000s ]
NOTIC: [8] Undefined index: HTTP_USER_AGENT D:\phpStudy\WWW\royal\php\Application\Home\Controller\IndexController.class.php 第 320 行.

[ 2018-01-03T10:21:10+08:00 ] 127.0.0.1 /royal/php/
INFO: [ app_init ] --START--
INFO: Run Behavior\BuildLiteBehavior [ RunTime:0.000000s ]
INFO: [ app_init ] --END-- [ RunTime:0.000000s ]
INFO: [ app_begin ] --START--
INFO: Run Behavior\ReadHtmlCacheBehavior [ RunTime:0.000000s ]
INFO: [ app_begin ] --END-- [ RunTime:0.001000s ]

[ 2018-01-03T10:21:12+08:00 ] 127.0.0.1 /royal/php/
INFO: [ app_init ] --START--
INFO: Run Behavior\BuildLiteBehavior [ RunTime:0.000000s ]
INFO: [ app_init ] --END-- [ RunTime:0.000000s ]
INFO: [ app_begin ] --START--
INFO: Run Behavior\ReadHtmlCacheBehavior [ RunTime:0.001000s ]
INFO: [ app_begin ] --END-- [ RunTime:0.001000s ]

[ 2018-01-03T10:23:29+08:00 ] 127.0.0.1 /royal/php/
INFO: [ app_init ] --START--
INFO: Run Behavior\BuildLiteBehavior [ RunTime:0.000000s ]
INFO: [ app_init ] --END-- [ RunTime:0.001000s ]
INFO: [ app_begin ] --START--
INFO: Run Behavior\ReadHtmlCacheBehavior [ RunTime:0.001000s ]
INFO: [ app_begin ] --END-- [ RunTime:0.001000s ]
NOTIC: [8] Undefined variable: data D:\phpStudy\WWW\royal\php\Application\Home\Controller\IndexController.class.php 第 104 行.

[ 2018-01-03T10:27:16+08:00 ] 127.0.0.1 /royal/php/
INFO: [ app_init ] --START--
INFO: Run Behavior\BuildLiteBehavior [ RunTime:0.000000s ]
INFO: [ app_init ] --END-- [ RunTime:0.000000s ]
INFO: [ app_begin ] --START--
INFO: Run Behavior\ReadHtmlCacheBehavior [ RunTime:0.001000s ]
INFO: [ app_begin ] --END-- [ RunTime:0.001000s ]
NOTIC: [8] Undefined variable: data D:\phpStudy\WWW\royal\php\Application\Home\Controller\IndexController.class.php 第 104 行.

[ 2018-01-03T10:27:18+08:00 ] 127.0.0.1 /royal/php/
INFO: [ app_init ] --START--
INFO: Run Behavior\BuildLiteBehavior [ RunTime:0.000000s ]
INFO: [ app_init ] --END-- [ RunTime:0.001000s ]
INFO: [ app_begin ] --START--
INFO: Run Behavior\ReadHtmlCacheBehavior [ RunTime:0.001000s ]
INFO: [ app_begin ] --END-- [ RunTime:0.001000s ]
NOTIC: [8] Undefined variable: data D:\phpStudy\WWW\royal\php\Application\Home\Controller\IndexController.class.php 第 104 行.

[ 2018-01-03T10:29:13+08:00 ] 127.0.0.1 /royal/php/
INFO: [ app_init ] --START--
INFO: Run Behavior\BuildLiteBehavior [ RunTime:0.000000s ]
INFO: [ app_init ] --END-- [ RunTime:0.001000s ]
INFO: [ app_begin ] --START--
INFO: Run Behavior\ReadHtmlCacheBehavior [ RunTime:0.001000s ]
INFO: [ app_begin ] --END-- [ RunTime:0.001000s ]
NOTIC: [8] Undefined variable: data D:\phpStudy\WWW\royal\php\Application\Home\Controller\IndexController.class.php 第 104 行.

[ 2018-01-03T10:29:49+08:00 ] 127.0.0.1 /royal/php/
INFO: [ app_init ] --START--
INFO: Run Behavior\BuildLiteBehavior [ RunTime:0.000000s ]
INFO: [ app_init ] --END-- [ RunTime:0.000000s ]
INFO: [ app_begin ] --START--
INFO: Run Behavior\ReadHtmlCacheBehavior [ RunTime:0.001000s ]
INFO: [ app_begin ] --END-- [ RunTime:0.001000s ]
NOTIC: [8] Undefined variable: data D:\phpStudy\WWW\royal\php\Application\Home\Controller\IndexController.class.php 第 104 行.

[ 2018-01-03T10:31:42+08:00 ] 127.0.0.1 /royal/php/
INFO: [ app_init ] --START--
INFO: Run Behavior\BuildLiteBehavior [ RunTime:0.000000s ]
INFO: [ app_init ] --END-- [ RunTime:0.000000s ]
INFO: [ app_begin ] --START--
INFO: Run Behavior\ReadHtmlCacheBehavior [ RunTime:0.001000s ]
INFO: [ app_begin ] --END-- [ RunTime:0.001000s ]
NOTIC: [8] Undefined variable: data D:\phpStudy\WWW\royal\php\Application\Home\Controller\IndexController.class.php 第 104 行.

[ 2018-01-03T10:34:21+08:00 ] 127.0.0.1 /royal/php/
INFO: [ app_init ] --START--
INFO: Run Behavior\BuildLiteBehavior [ RunTime:0.000000s ]
INFO: [ app_init ] --END-- [ RunTime:0.000000s ]
INFO: [ app_begin ] --START--
INFO: Run Behavior\ReadHtmlCacheBehavior [ RunTime:0.001000s ]
INFO: [ app_begin ] --END-- [ RunTime:0.001000s ]
NOTIC: [8] Undefined variable: data D:\phpStudy\WWW\royal\php\Application\Home\Controller\IndexController.class.php 第 111 行.

[ 2018-01-03T10:34:23+08:00 ] 127.0.0.1 /royal/php/
INFO: [ app_init ] --START--
INFO: Run Behavior\BuildLiteBehavior [ RunTime:0.000000s ]
INFO: [ app_init ] --END-- [ RunTime:0.000000s ]
INFO: [ app_begin ] --START--
INFO: Run Behavior\ReadHtmlCacheBehavior [ RunTime:0.001000s ]
INFO: [ app_begin ] --END-- [ RunTime:0.001000s ]
NOTIC: [8] Undefined variable: data D:\phpStudy\WWW\royal\php\Application\Home\Controller\IndexController.class.php 第 111 行.

[ 2018-01-03T10:47:45+08:00 ] 127.0.0.1 /royal/php/
INFO: [ app_init ] --START--
INFO: Run Behavior\BuildLiteBehavior [ RunTime:0.000000s ]
INFO: [ app_init ] --END-- [ RunTime:0.001000s ]
INFO: [ app_begin ] --START--
INFO: Run Behavior\ReadHtmlCacheBehavior [ RunTime:0.001000s ]
INFO: [ app_begin ] --END-- [ RunTime:0.001000s ]

[ 2018-01-03T10:48:05+08:00 ] 127.0.0.1 /royal/php/
INFO: [ app_init ] --START--
INFO: Run Behavior\BuildLiteBehavior [ RunTime:0.000000s ]
INFO: [ app_init ] --END-- [ RunTime:0.000000s ]
INFO: [ app_begin ] --START--
INFO: Run Behavior\ReadHtmlCacheBehavior [ RunTime:0.001000s ]
INFO: [ app_begin ] --END-- [ RunTime:0.001000s ]

[ 2018-01-03T10:48:10+08:00 ] 127.0.0.1 /royal/php/
INFO: [ app_init ] --START--
INFO: Run Behavior\BuildLiteBehavior [ RunTime:0.000000s ]
INFO: [ app_init ] --END-- [ RunTime:0.001000s ]
INFO: [ app_begin ] --START--
INFO: Run Behavior\ReadHtmlCacheBehavior [ RunTime:0.001000s ]
INFO: [ app_begin ] --END-- [ RunTime:0.001000s ]
NOTIC: [8] Undefined variable: data D:\phpStudy\WWW\royal\php\Application\Home\Controller\IndexController.class.php 第 104 行.
NOTIC: [8] Undefined variable: key D:\phpStudy\WWW\royal\php\Application\Home\Controller\IndexController.class.php 第 105 行.

[ 2018-01-03T10:49:48+08:00 ] 127.0.0.1 /royal/php/
INFO: [ app_init ] --START--
INFO: Run Behavior\BuildLiteBehavior [ RunTime:0.000000s ]
INFO: [ app_init ] --END-- [ RunTime:0.000000s ]
INFO: [ app_begin ] --START--
INFO: Run Behavior\ReadHtmlCacheBehavior [ RunTime:0.001000s ]
INFO: [ app_begin ] --END-- [ RunTime:0.001000s ]
NOTIC: [8] Undefined variable: data D:\phpStudy\WWW\royal\php\Application\Home\Controller\IndexController.class.php 第 104 行.
NOTIC: [8] Undefined variable: key D:\phpStudy\WWW\royal\php\Application\Home\Controller\IndexController.class.php 第 105 行.

[ 2018-01-03T10:49:50+08:00 ] 127.0.0.1 /royal/php/
INFO: [ app_init ] --START--
INFO: Run Behavior\BuildLiteBehavior [ RunTime:0.000000s ]
INFO: [ app_init ] --END-- [ RunTime:0.000000s ]
INFO: [ app_begin ] --START--
INFO: Run Behavior\ReadHtmlCacheBehavior [ RunTime:0.000000s ]
INFO: [ app_begin ] --END-- [ RunTime:0.000000s ]
NOTIC: [8] Undefined variable: data D:\phpStudy\WWW\royal\php\Application\Home\Controller\IndexController.class.php 第 104 行.
NOTIC: [8] Undefined variable: key D:\phpStudy\WWW\royal\php\Application\Home\Controller\IndexController.class.php 第 105 行.

[ 2018-01-03T10:50:00+08:00 ] 127.0.0.1 /royal/php/
INFO: [ app_init ] --START--
INFO: Run Behavior\BuildLiteBehavior [ RunTime:0.000000s ]
INFO: [ app_init ] --END-- [ RunTime:0.000000s ]
INFO: [ app_begin ] --START--
INFO: Run Behavior\ReadHtmlCacheBehavior [ RunTime:0.001000s ]
INFO: [ app_begin ] --END-- [ RunTime:0.001000s ]
NOTIC: [8] Undefined variable: data D:\phpStudy\WWW\royal\php\Application\Home\Controller\IndexController.class.php 第 104 行.
NOTIC: [8] Undefined variable: key D:\phpStudy\WWW\royal\php\Application\Home\Controller\IndexController.class.php 第 105 行.

[ 2018-01-03T10:50:02+08:00 ] 127.0.0.1 /royal/php/
INFO: [ app_init ] --START--
INFO: Run Behavior\BuildLiteBehavior [ RunTime:0.000000s ]
INFO: [ app_init ] --END-- [ RunTime:0.001000s ]
INFO: [ app_begin ] --START--
INFO: Run Behavior\ReadHtmlCacheBehavior [ RunTime:0.001000s ]
INFO: [ app_begin ] --END-- [ RunTime:0.001000s ]
NOTIC: [8] Undefined variable: data D:\phpStudy\WWW\royal\php\Application\Home\Controller\IndexController.class.php 第 104 行.
NOTIC: [8] Undefined variable: key D:\phpStudy\WWW\royal\php\Application\Home\Controller\IndexController.class.php 第 105 行.

[ 2018-01-03T10:53:18+08:00 ] 127.0.0.1 /royal/php/
INFO: [ app_init ] --START--
INFO: Run Behavior\BuildLiteBehavior [ RunTime:0.000000s ]
INFO: [ app_init ] --END-- [ RunTime:0.001000s ]
INFO: [ app_begin ] --START--
INFO: Run Behavior\ReadHtmlCacheBehavior [ RunTime:0.001000s ]
INFO: [ app_begin ] --END-- [ RunTime:0.001000s ]
NOTIC: [8] Undefined variable: id D:\phpStudy\WWW\royal\php\Application\Home\Controller\IndexController.class.php 第 75 行.
NOTIC: [8] Undefined variable: key D:\phpStudy\WWW\royal\php\Application\Home\Controller\IndexController.class.php 第 75 行.
NOTIC: [8] Undefined variable: postdata D:\phpStudy\WWW\royal\php\Application\Home\Controller\IndexController.class.php 第 77 行.
NOTIC: [8] Undefined index: jsapi_ticket D:\phpStudy\WWW\royal\php\Application\Home\Controller\IndexController.class.php 第 79 行.
NOTIC: [2] mdecrypt_generic(): An empty string was passed D:\phpStudy\WWW\royal\php\Application\Home\Controller\IndexController.class.php 第 193 行.

[ 2018-01-03T10:54:24+08:00 ] 127.0.0.1 /royal/php/
INFO: [ app_init ] --START--
INFO: Run Behavior\BuildLiteBehavior [ RunTime:0.000000s ]
INFO: [ app_init ] --END-- [ RunTime:0.000000s ]
INFO: [ app_begin ] --START--
INFO: Run Behavior\ReadHtmlCacheBehavior [ RunTime:0.001000s ]
INFO: [ app_begin ] --END-- [ RunTime:0.001000s ]
NOTIC: [8] Undefined variable: id D:\phpStudy\WWW\royal\php\Application\Home\Controller\IndexController.class.php 第 82 行.
NOTIC: [8] Undefined variable: key D:\phpStudy\WWW\royal\php\Application\Home\Controller\IndexController.class.php 第 82 行.
NOTIC: [8] Undefined variable: postdata D:\phpStudy\WWW\royal\php\Application\Home\Controller\IndexController.class.php 第 84 行.
NOTIC: [8] Undefined index: jsapi_ticket D:\phpStudy\WWW\royal\php\Application\Home\Controller\IndexController.class.php 第 86 行.
NOTIC: [2] mdecrypt_generic(): An empty string was passed D:\phpStudy\WWW\royal\php\Application\Home\Controller\IndexController.class.php 第 200 行.

[ 2018-01-03T10:54:26+08:00 ] 127.0.0.1 /royal/php/
INFO: [ app_init ] --START--
INFO: Run Behavior\BuildLiteBehavior [ RunTime:0.000000s ]
INFO: [ app_init ] --END-- [ RunTime:0.001000s ]
INFO: [ app_begin ] --START--
INFO: Run Behavior\ReadHtmlCacheBehavior [ RunTime:0.001000s ]
INFO: [ app_begin ] --END-- [ RunTime:0.001000s ]
NOTIC: [8] Undefined variable: id D:\phpStudy\WWW\royal\php\Application\Home\Controller\IndexController.class.php 第 82 行.
NOTIC: [8] Undefined variable: key D:\phpStudy\WWW\royal\php\Application\Home\Controller\IndexController.class.php 第 82 行.
NOTIC: [8] Undefined variable: postdata D:\phpStudy\WWW\royal\php\Application\Home\Controller\IndexController.class.php 第 84 行.
NOTIC: [8] Undefined index: jsapi_ticket D:\phpStudy\WWW\royal\php\Application\Home\Controller\IndexController.class.php 第 86 行.
NOTIC: [2] mdecrypt_generic(): An empty string was passed D:\phpStudy\WWW\royal\php\Application\Home\Controller\IndexController.class.php 第 200 行.

[ 2018-01-03T10:55:28+08:00 ] 127.0.0.1 /royal/php/
INFO: [ app_init ] --START--
INFO: Run Behavior\BuildLiteBehavior [ RunTime:0.000000s ]
INFO: [ app_init ] --END-- [ RunTime:0.001000s ]
INFO: [ app_begin ] --START--
INFO: Run Behavior\ReadHtmlCacheBehavior [ RunTime:0.001000s ]
INFO: [ app_begin ] --END-- [ RunTime:0.001000s ]
NOTIC: [8] Undefined variable: id D:\phpStudy\WWW\royal\php\Application\Home\Controller\IndexController.class.php 第 82 行.
NOTIC: [8] Undefined variable: key D:\phpStudy\WWW\royal\php\Application\Home\Controller\IndexController.class.php 第 82 行.
NOTIC: [8] Undefined variable: postdata D:\phpStudy\WWW\royal\php\Application\Home\Controller\IndexController.class.php 第 84 行.
NOTIC: [8] Undefined index: jsapi_ticket D:\phpStudy\WWW\royal\php\Application\Home\Controller\IndexController.class.php 第 86 行.
NOTIC: [2] mdecrypt_generic(): An empty string was passed D:\phpStudy\WWW\royal\php\Application\Home\Controller\IndexController.class.php 第 200 行.

[ 2018-01-03T10:58:44+08:00 ] 127.0.0.1 /royal/php/
INFO: [ app_init ] --START--
INFO: Run Behavior\BuildLiteBehavior [ RunTime:0.000000s ]
INFO: [ app_init ] --END-- [ RunTime:0.001000s ]
INFO: [ app_begin ] --START--
INFO: Run Behavior\ReadHtmlCacheBehavior [ RunTime:0.000000s ]
INFO: [ app_begin ] --END-- [ RunTime:0.000000s ]
NOTIC: [8] Undefined variable: id D:\phpStudy\WWW\royal\php\Application\Home\Controller\IndexController.class.php 第 82 行.
NOTIC: [8] Undefined variable: key D:\phpStudy\WWW\royal\php\Application\Home\Controller\IndexController.class.php 第 82 行.
NOTIC: [8] Undefined variable: postdata D:\phpStudy\WWW\royal\php\Application\Home\Controller\IndexController.class.php 第 84 行.
NOTIC: [8] Undefined index: jsapi_ticket D:\phpStudy\WWW\royal\php\Application\Home\Controller\IndexController.class.php 第 86 行.
NOTIC: [2] mdecrypt_generic(): An empty string was passed D:\phpStudy\WWW\royal\php\Application\Home\Controller\IndexController.class.php 第 200 行.

[ 2018-01-03T11:00:50+08:00 ] 127.0.0.1 /royal/php/
INFO: [ app_init ] --START--
INFO: Run Behavior\BuildLiteBehavior [ RunTime:0.000000s ]
INFO: [ app_init ] --END-- [ RunTime:0.001000s ]
INFO: [ app_begin ] --START--
INFO: Run Behavior\ReadHtmlCacheBehavior [ RunTime:0.001000s ]
INFO: [ app_begin ] --END-- [ RunTime:0.001000s ]
NOTIC: [8] Undefined variable: id D:\phpStudy\WWW\royal\php\Application\Home\Controller\IndexController.class.php 第 83 行.
NOTIC: [8] Undefined variable: key D:\phpStudy\WWW\royal\php\Application\Home\Controller\IndexController.class.php 第 83 行.
NOTIC: [8] Undefined variable: postdata D:\phpStudy\WWW\royal\php\Application\Home\Controller\IndexController.class.php 第 85 行.
NOTIC: [8] Undefined index: jsapi_ticket D:\phpStudy\WWW\royal\php\Application\Home\Controller\IndexController.class.php 第 87 行.
NOTIC: [2] mdecrypt_generic(): An empty string was passed D:\phpStudy\WWW\royal\php\Application\Home\Controller\IndexController.class.php 第 201 行.

[ 2018-01-03T11:00:52+08:00 ] 127.0.0.1 /royal/php/
INFO: [ app_init ] --START--
INFO: Run Behavior\BuildLiteBehavior [ RunTime:0.001000s ]
INFO: [ app_init ] --END-- [ RunTime:0.001000s ]
INFO: [ app_begin ] --START--
INFO: Run Behavior\ReadHtmlCacheBehavior [ RunTime:0.001000s ]
INFO: [ app_begin ] --END-- [ RunTime:0.001000s ]
NOTIC: [8] Undefined variable: id D:\phpStudy\WWW\royal\php\Application\Home\Controller\IndexController.class.php 第 83 行.
NOTIC: [8] Undefined variable: key D:\phpStudy\WWW\royal\php\Application\Home\Controller\IndexController.class.php 第 83 行.
NOTIC: [8] Undefined variable: postdata D:\phpStudy\WWW\royal\php\Application\Home\Controller\IndexController.class.php 第 85 行.
NOTIC: [8] Undefined index: jsapi_ticket D:\phpStudy\WWW\royal\php\Application\Home\Controller\IndexController.class.php 第 87 行.
NOTIC: [2] mdecrypt_generic(): An empty string was passed D:\phpStudy\WWW\royal\php\Application\Home\Controller\IndexController.class.php 第 201 行.

[ 2018-01-03T11:04:56+08:00 ] 127.0.0.1 /royal/php/
INFO: [ app_init ] --START--
INFO: Run Behavior\BuildLiteBehavior [ RunTime:0.000000s ]
INFO: [ app_init ] --END-- [ RunTime:0.001000s ]
INFO: [ app_begin ] --START--
INFO: Run Behavior\ReadHtmlCacheBehavior [ RunTime:0.001000s ]
INFO: [ app_begin ] --END-- [ RunTime:0.001000s ]
NOTIC: [8] Undefined variable: id D:\phpStudy\WWW\royal\php\Application\Home\Controller\IndexController.class.php 第 83 行.
NOTIC: [8] Undefined variable: key D:\phpStudy\WWW\royal\php\Application\Home\Controller\IndexController.class.php 第 83 行.
NOTIC: [8] Undefined variable: postdata D:\phpStudy\WWW\royal\php\Application\Home\Controller\IndexController.class.php 第 85 行.
NOTIC: [8] Undefined index: jsapi_ticket D:\phpStudy\WWW\royal\php\Application\Home\Controller\IndexController.class.php 第 87 行.
NOTIC: [2] mdecrypt_generic(): An empty string was passed D:\phpStudy\WWW\royal\php\Application\Home\Controller\IndexController.class.php 第 201 行.

[ 2018-01-03T11:04:57+08:00 ] 127.0.0.1 /royal/php/
INFO: [ app_init ] --START--
INFO: Run Behavior\BuildLiteBehavior [ RunTime:0.000000s ]
INFO: [ app_init ] --END-- [ RunTime:0.001000s ]
INFO: [ app_begin ] --START--
INFO: Run Behavior\ReadHtmlCacheBehavior [ RunTime:0.000000s ]
INFO: [ app_begin ] --END-- [ RunTime:0.000000s ]
NOTIC: [8] Undefined variable: id D:\phpStudy\WWW\royal\php\Application\Home\Controller\IndexController.class.php 第 83 行.
NOTIC: [8] Undefined variable: key D:\phpStudy\WWW\royal\php\Application\Home\Controller\IndexController.class.php 第 83 行.
NOTIC: [8] Undefined variable: postdata D:\phpStudy\WWW\royal\php\Application\Home\Controller\IndexController.class.php 第 85 行.
NOTIC: [8] Undefined index: jsapi_ticket D:\phpStudy\WWW\royal\php\Application\Home\Controller\IndexController.class.php 第 87 行.
NOTIC: [2] mdecrypt_generic(): An empty string was passed D:\phpStudy\WWW\royal\php\Application\Home\Controller\IndexController.class.php 第 201 行.

[ 2018-01-03T11:04:59+08:00 ] 127.0.0.1 /royal/php/
INFO: [ app_init ] --START--
INFO: Run Behavior\BuildLiteBehavior [ RunTime:0.000000s ]
INFO: [ app_init ] --END-- [ RunTime:0.001000s ]
INFO: [ app_begin ] --START--
INFO: Run Behavior\ReadHtmlCacheBehavior [ RunTime:0.001000s ]
INFO: [ app_begin ] --END-- [ RunTime:0.001000s ]
NOTIC: [8] Undefined variable: id D:\phpStudy\WWW\royal\php\Application\Home\Controller\IndexController.class.php 第 83 行.
NOTIC: [8] Undefined variable: key D:\phpStudy\WWW\royal\php\Application\Home\Controller\IndexController.class.php 第 83 行.
NOTIC: [8] Undefined variable: postdata D:\phpStudy\WWW\royal\php\Application\Home\Controller\IndexController.class.php 第 85 行.
NOTIC: [8] Undefined index: jsapi_ticket D:\phpStudy\WWW\royal\php\Application\Home\Controller\IndexController.class.php 第 87 行.
NOTIC: [2] mdecrypt_generic(): An empty string was passed D:\phpStudy\WWW\royal\php\Application\Home\Controller\IndexController.class.php 第 201 行.

[ 2018-01-03T11:04:59+08:00 ] 127.0.0.1 /royal/php/
INFO: [ app_init ] --START--
INFO: Run Behavior\BuildLiteBehavior [ RunTime:0.000000s ]
INFO: [ app_init ] --END-- [ RunTime:0.001000s ]
INFO: [ app_begin ] --START--
INFO: Run Behavior\ReadHtmlCacheBehavior [ RunTime:0.001000s ]
INFO: [ app_begin ] --END-- [ RunTime:0.001000s ]
NOTIC: [8] Undefined variable: id D:\phpStudy\WWW\royal\php\Application\Home\Controller\IndexController.class.php 第 83 行.
NOTIC: [8] Undefined variable: key D:\phpStudy\WWW\royal\php\Application\Home\Controller\IndexController.class.php 第 83 行.
NOTIC: [8] Undefined variable: postdata D:\phpStudy\WWW\royal\php\Application\Home\Controller\IndexController.class.php 第 85 行.
NOTIC: [8] Undefined index: jsapi_ticket D:\phpStudy\WWW\royal\php\Application\Home\Controller\IndexController.class.php 第 87 行.
NOTIC: [2] mdecrypt_generic(): An empty string was passed D:\phpStudy\WWW\royal\php\Application\Home\Controller\IndexController.class.php 第 201 行.

[ 2018-01-03T11:04:59+08:00 ] 127.0.0.1 /royal/php/
INFO: [ app_init ] --START--
INFO: Run Behavior\BuildLiteBehavior [ RunTime:0.000000s ]
INFO: [ app_init ] --END-- [ RunTime:0.001000s ]
INFO: [ app_begin ] --START--
INFO: Run Behavior\ReadHtmlCacheBehavior [ RunTime:0.001000s ]
INFO: [ app_begin ] --END-- [ RunTime:0.001000s ]
NOTIC: [8] Undefined variable: id D:\phpStudy\WWW\royal\php\Application\Home\Controller\IndexController.class.php 第 83 行.
NOTIC: [8] Undefined variable: key D:\phpStudy\WWW\royal\php\Application\Home\Controller\IndexController.class.php 第 83 行.
NOTIC: [8] Undefined variable: postdata D:\phpStudy\WWW\royal\php\Application\Home\Controller\IndexController.class.php 第 85 行.
NOTIC: [8] Undefined index: jsapi_ticket D:\phpStudy\WWW\royal\php\Application\Home\Controller\IndexController.class.php 第 87 行.
NOTIC: [2] mdecrypt_generic(): An empty string was passed D:\phpStudy\WWW\royal\php\Application\Home\Controller\IndexController.class.php 第 201 行.

[ 2018-01-03T11:04:59+08:00 ] 127.0.0.1 /royal/php/
INFO: [ app_init ] --START--
INFO: Run Behavior\BuildLiteBehavior [ RunTime:0.000000s ]
INFO: [ app_init ] --END-- [ RunTime:0.001000s ]
INFO: [ app_begin ] --START--
INFO: Run Behavior\ReadHtmlCacheBehavior [ RunTime:0.001000s ]
INFO: [ app_begin ] --END-- [ RunTime:0.001000s ]
NOTIC: [8] Undefined variable: id D:\phpStudy\WWW\royal\php\Application\Home\Controller\IndexController.class.php 第 83 行.
NOTIC: [8] Undefined variable: key D:\phpStudy\WWW\royal\php\Application\Home\Controller\IndexController.class.php 第 83 行.
NOTIC: [8] Undefined variable: postdata D:\phpStudy\WWW\royal\php\Application\Home\Controller\IndexController.class.php 第 85 行.
NOTIC: [8] Undefined index: jsapi_ticket D:\phpStudy\WWW\royal\php\Application\Home\Controller\IndexController.class.php 第 87 行.
NOTIC: [2] mdecrypt_generic(): An empty string was passed D:\phpStudy\WWW\royal\php\Application\Home\Controller\IndexController.class.php 第 201 行.

[ 2018-01-03T11:04:59+08:00 ] 127.0.0.1 /royal/php/
INFO: [ app_init ] --START--
INFO: Run Behavior\BuildLiteBehavior [ RunTime:0.000000s ]
INFO: [ app_init ] --END-- [ RunTime:0.001000s ]
INFO: [ app_begin ] --START--
INFO: Run Behavior\ReadHtmlCacheBehavior [ RunTime:0.000000s ]
INFO: [ app_begin ] --END-- [ RunTime:0.001000s ]
NOTIC: [8] Undefined variable: id D:\phpStudy\WWW\royal\php\Application\Home\Controller\IndexController.class.php 第 83 行.
NOTIC: [8] Undefined variable: key D:\phpStudy\WWW\royal\php\Application\Home\Controller\IndexController.class.php 第 83 行.
NOTIC: [8] Undefined variable: postdata D:\phpStudy\WWW\royal\php\Application\Home\Controller\IndexController.class.php 第 85 行.
NOTIC: [8] Undefined index: jsapi_ticket D:\phpStudy\WWW\royal\php\Application\Home\Controller\IndexController.class.php 第 87 行.
NOTIC: [2] mdecrypt_generic(): An empty string was passed D:\phpStudy\WWW\royal\php\Application\Home\Controller\IndexController.class.php 第 201 行.

[ 2018-01-03T11:05:00+08:00 ] 127.0.0.1 /royal/php/
INFO: [ app_init ] --START--
INFO: Run Behavior\BuildLiteBehavior [ RunTime:0.000000s ]
INFO: [ app_init ] --END-- [ RunTime:0.000000s ]
INFO: [ app_begin ] --START--
INFO: Run Behavior\ReadHtmlCacheBehavior [ RunTime:0.001000s ]
INFO: [ app_begin ] --END-- [ RunTime:0.001000s ]
NOTIC: [8] Undefined variable: id D:\phpStudy\WWW\royal\php\Application\Home\Controller\IndexController.class.php 第 83 行.
NOTIC: [8] Undefined variable: key D:\phpStudy\WWW\royal\php\Application\Home\Controller\IndexController.class.php 第 83 行.
NOTIC: [8] Undefined variable: postdata D:\phpStudy\WWW\royal\php\Application\Home\Controller\IndexController.class.php 第 85 行.
NOTIC: [8] Undefined index: jsapi_ticket D:\phpStudy\WWW\royal\php\Application\Home\Controller\IndexController.class.php 第 87 行.
NOTIC: [2] mdecrypt_generic(): An empty string was passed D:\phpStudy\WWW\royal\php\Application\Home\Controller\IndexController.class.php 第 201 行.

[ 2018-01-03T11:05:00+08:00 ] 127.0.0.1 /royal/php/
INFO: [ app_init ] --START--
INFO: Run Behavior\BuildLiteBehavior [ RunTime:0.000000s ]
INFO: [ app_init ] --END-- [ RunTime:0.001000s ]
INFO: [ app_begin ] --START--
INFO: Run Behavior\ReadHtmlCacheBehavior [ RunTime:0.001000s ]
INFO: [ app_begin ] --END-- [ RunTime:0.001000s ]
NOTIC: [8] Undefined variable: id D:\phpStudy\WWW\royal\php\Application\Home\Controller\IndexController.class.php 第 83 行.
NOTIC: [8] Undefined variable: key D:\phpStudy\WWW\royal\php\Application\Home\Controller\IndexController.class.php 第 83 行.
NOTIC: [8] Undefined variable: postdata D:\phpStudy\WWW\royal\php\Application\Home\Controller\IndexController.class.php 第 85 行.
NOTIC: [8] Undefined index: jsapi_ticket D:\phpStudy\WWW\royal\php\Application\Home\Controller\IndexController.class.php 第 87 行.
NOTIC: [2] mdecrypt_generic(): An empty string was passed D:\phpStudy\WWW\royal\php\Application\Home\Controller\IndexController.class.php 第 201 行.

[ 2018-01-03T11:05:53+08:00 ] 127.0.0.1 /royal/php/
INFO: [ app_init ] --START--
INFO: Run Behavior\BuildLiteBehavior [ RunTime:0.000000s ]
INFO: [ app_init ] --END-- [ RunTime:0.001000s ]
INFO: [ app_begin ] --START--
INFO: Run Behavior\ReadHtmlCacheBehavior [ RunTime:0.001000s ]
INFO: [ app_begin ] --END-- [ RunTime:0.001000s ]
NOTIC: [8] Undefined variable: appid D:\phpStudy\WWW\royal\php\Application\Home\Controller\IndexController.class.php 第 41 行.
NOTIC: [8] Undefined variable: url D:\phpStudy\WWW\royal\php\Application\Home\Controller\IndexController.class.php 第 41 行.
NOTIC: [8] Undefined variable: id D:\phpStudy\WWW\royal\php\Application\Home\Controller\IndexController.class.php 第 84 行.
NOTIC: [8] Undefined variable: key D:\phpStudy\WWW\royal\php\Application\Home\Controller\IndexController.class.php 第 84 行.
NOTIC: [8] Undefined variable: postdata D:\phpStudy\WWW\royal\php\Application\Home\Controller\IndexController.class.php 第 86 行.
NOTIC: [8] Undefined index: jsapi_ticket D:\phpStudy\WWW\royal\php\Application\Home\Controller\IndexController.class.php 第 88 行.
NOTIC: [2] mdecrypt_generic(): An empty string was passed D:\phpStudy\WWW\royal\php\Application\Home\Controller\IndexController.class.php 第 202 行.
NOTIC: [8] Undefined variable: id D:\phpStudy\WWW\royal\php\Application\Home\Controller\IndexController.class.php 第 84 行.
NOTIC: [8] Undefined variable: key D:\phpStudy\WWW\royal\php\Application\Home\Controller\IndexController.class.php 第 84 行.
NOTIC: [8] Undefined variable: postdata D:\phpStudy\WWW\royal\php\Application\Home\Controller\IndexController.class.php 第 86 行.
NOTIC: [8] Undefined index: jsapi_ticket D:\phpStudy\WWW\royal\php\Application\Home\Controller\IndexController.class.php 第 88 行.
NOTIC: [2] mdecrypt_generic(): An empty string was passed D:\phpStudy\WWW\royal\php\Application\Home\Controller\IndexController.class.php 第 202 行.

[ 2018-01-03T11:08:32+08:00 ] 127.0.0.1 /royal/php/
INFO: [ app_init ] --START--
INFO: Run Behavior\BuildLiteBehavior [ RunTime:0.000000s ]
INFO: [ app_init ] --END-- [ RunTime:0.000000s ]
INFO: [ app_begin ] --START--
INFO: Run Behavior\ReadHtmlCacheBehavior [ RunTime:0.001000s ]
INFO: [ app_begin ] --END-- [ RunTime:0.001000s ]
NOTIC: [8] Undefined variable: appid D:\phpStudy\WWW\royal\php\Application\Home\Controller\IndexController.class.php 第 41 行.
NOTIC: [8] Undefined variable: url D:\phpStudy\WWW\royal\php\Application\Home\Controller\IndexController.class.php 第 41 行.
NOTIC: [8] Undefined variable: id D:\phpStudy\WWW\royal\php\Application\Home\Controller\IndexController.class.php 第 84 行.
NOTIC: [8] Undefined variable: key D:\phpStudy\WWW\royal\php\Application\Home\Controller\IndexController.class.php 第 84 行.
NOTIC: [8] Undefined variable: postdata D:\phpStudy\WWW\royal\php\Application\Home\Controller\IndexController.class.php 第 86 行.
NOTIC: [8] Undefined index: jsapi_ticket D:\phpStudy\WWW\royal\php\Application\Home\Controller\IndexController.class.php 第 88 行.
NOTIC: [2] mdecrypt_generic(): An empty string was passed D:\phpStudy\WWW\royal\php\Application\Home\Controller\IndexController.class.php 第 202 行.
NOTIC: [8] Undefined variable: id D:\phpStudy\WWW\royal\php\Application\Home\Controller\IndexController.class.php 第 84 行.
NOTIC: [8] Undefined variable: key D:\phpStudy\WWW\royal\php\Application\Home\Controller\IndexController.class.php 第 84 行.
NOTIC: [8] Undefined variable: postdata D:\phpStudy\WWW\royal\php\Application\Home\Controller\IndexController.class.php 第 86 行.
NOTIC: [8] Undefined index: jsapi_ticket D:\phpStudy\WWW\royal\php\Application\Home\Controller\IndexController.class.php 第 88 行.
NOTIC: [2] mdecrypt_generic(): An empty string was passed D:\phpStudy\WWW\royal\php\Application\Home\Controller\IndexController.class.php 第 202 行.

[ 2018-01-03T11:12:32+08:00 ] 127.0.0.1 /royal/php/
INFO: [ app_init ] --START--
INFO: Run Behavior\BuildLiteBehavior [ RunTime:0.000000s ]
INFO: [ app_init ] --END-- [ RunTime:0.001000s ]
INFO: [ app_begin ] --START--
INFO: Run Behavior\ReadHtmlCacheBehavior [ RunTime:0.001000s ]
INFO: [ app_begin ] --END-- [ RunTime:0.001000s ]
NOTIC: [8] Undefined variable: id D:\phpStudy\WWW\royal\php\Application\Home\Controller\IndexController.class.php 第 83 行.
NOTIC: [8] Undefined variable: key D:\phpStudy\WWW\royal\php\Application\Home\Controller\IndexController.class.php 第 83 行.
NOTIC: [8] Undefined variable: postdata D:\phpStudy\WWW\royal\php\Application\Home\Controller\IndexController.class.php 第 85 行.
NOTIC: [8] Undefined index: jsapi_ticket D:\phpStudy\WWW\royal\php\Application\Home\Controller\IndexController.class.php 第 87 行.
NOTIC: [2] mdecrypt_generic(): An empty string was passed D:\phpStudy\WWW\royal\php\Application\Home\Controller\IndexController.class.php 第 201 行.
NOTIC: [2] json_decode() expects parameter 1 to be string, array given D:\phpStudy\WWW\royal\php\Application\Home\Controller\IndexController.class.php 第 61 行.
NOTIC: [8] Undefined variable: fans D:\phpStudy\WWW\royal\php\Application\Home\Controller\IndexController.class.php 第 33 行.
INFO: [ view_parse ] --START--
INFO: [ template_filter ] --START--
INFO: Run Behavior\ContentReplaceBehavior [ RunTime:0.007000s ]
INFO: [ template_filter ] --END-- [ RunTime:0.007000s ]
NOTIC: [8] Undefined variable: nickname D:\phpStudy\WWW\royal\php\Application\Runtime\Cache\Home\2a94b8bda04ff446dcedd42276fc99ee.php 第 19 行.
NOTIC: [8] Undefined variable: isold D:\phpStudy\WWW\royal\php\Application\Runtime\Cache\Home\2a94b8bda04ff446dcedd42276fc99ee.php 第 20 行.
NOTIC: [8] Undefined variable: openid D:\phpStudy\WWW\royal\php\Application\Runtime\Cache\Home\2a94b8bda04ff446dcedd42276fc99ee.php 第 148 行.
NOTIC: [8] Undefined variable: nickname D:\phpStudy\WWW\royal\php\Application\Runtime\Cache\Home\2a94b8bda04ff446dcedd42276fc99ee.php 第 173 行.
NOTIC: [8] Undefined variable: nickname D:\phpStudy\WWW\royal\php\Application\Runtime\Cache\Home\2a94b8bda04ff446dcedd42276fc99ee.php 第 211 行.
INFO: Run Behavior\ParseTemplateBehavior [ RunTime:0.050000s ]
INFO: [ view_parse ] --END-- [ RunTime:0.050000s ]
INFO: [ view_filter ] --START--
INFO: Run Behavior\WriteHtmlCacheBehavior [ RunTime:0.010000s ]
INFO: [ view_filter ] --END-- [ RunTime:0.010000s ]
INFO: [ app_end ] --START--
INFO: Run Behavior\ShowPageTraceBehavior [ RunTime:0.002000s ]
INFO: [ app_end ] --END-- [ RunTime:0.002000s ]

[ 2018-01-03T11:13:00+08:00 ] 127.0.0.1 /royal/php/
INFO: [ app_init ] --START--
INFO: Run Behavior\BuildLiteBehavior [ RunTime:0.000000s ]
INFO: [ app_init ] --END-- [ RunTime:0.000000s ]
INFO: [ app_begin ] --START--
INFO: Run Behavior\ReadHtmlCacheBehavior [ RunTime:0.001000s ]
INFO: [ app_begin ] --END-- [ RunTime:0.001000s ]
NOTIC: [8] Undefined variable: id D:\phpStudy\WWW\royal\php\Application\Home\Controller\IndexController.class.php 第 84 行.
NOTIC: [8] Undefined variable: key D:\phpStudy\WWW\royal\php\Application\Home\Controller\IndexController.class.php 第 84 行.
NOTIC: [8] Undefined variable: postdata D:\phpStudy\WWW\royal\php\Application\Home\Controller\IndexController.class.php 第 86 行.
NOTIC: [8] Undefined index: jsapi_ticket D:\phpStudy\WWW\royal\php\Application\Home\Controller\IndexController.class.php 第 88 行.
NOTIC: [2] mdecrypt_generic(): An empty string was passed D:\phpStudy\WWW\royal\php\Application\Home\Controller\IndexController.class.php 第 202 行.
NOTIC: [2] json_decode() expects parameter 1 to be string, array given D:\phpStudy\WWW\royal\php\Application\Home\Controller\IndexController.class.php 第 62 行.
NOTIC: [8] Undefined variable: fans D:\phpStudy\WWW\royal\php\Application\Home\Controller\IndexController.class.php 第 33 行.
INFO: [ view_parse ] --START--
INFO: [ template_filter ] --START--
INFO: Run Behavior\ContentReplaceBehavior [ RunTime:0.000000s ]
INFO: [ template_filter ] --END-- [ RunTime:0.000000s ]
NOTIC: [8] Undefined variable: nickname D:\phpStudy\WWW\royal\php\Application\Runtime\Cache\Home\2a94b8bda04ff446dcedd42276fc99ee.php 第 19 行.
NOTIC: [8] Undefined variable: isold D:\phpStudy\WWW\royal\php\Application\Runtime\Cache\Home\2a94b8bda04ff446dcedd42276fc99ee.php 第 20 行.
NOTIC: [8] Undefined variable: openid D:\phpStudy\WWW\royal\php\Application\Runtime\Cache\Home\2a94b8bda04ff446dcedd42276fc99ee.php 第 148 行.
NOTIC: [8] Undefined variable: nickname D:\phpStudy\WWW\royal\php\Application\Runtime\Cache\Home\2a94b8bda04ff446dcedd42276fc99ee.php 第 173 行.
NOTIC: [8] Undefined variable: nickname D:\phpStudy\WWW\royal\php\Application\Runtime\Cache\Home\2a94b8bda04ff446dcedd42276fc99ee.php 第 211 行.
INFO: Run Behavior\ParseTemplateBehavior [ RunTime:0.008000s ]
INFO: [ view_parse ] --END-- [ RunTime:0.008000s ]
INFO: [ view_filter ] --START--
INFO: Run Behavior\WriteHtmlCacheBehavior [ RunTime:0.000000s ]
INFO: [ view_filter ] --END-- [ RunTime:0.000000s ]
INFO: [ app_end ] --START--
INFO: Run Behavior\ShowPageTraceBehavior [ RunTime:0.001000s ]
INFO: [ app_end ] --END-- [ RunTime:0.001000s ]

[ 2018-01-03T11:14:56+08:00 ] 127.0.0.1 /royal/php/
INFO: [ app_init ] --START--
INFO: Run Behavior\BuildLiteBehavior [ RunTime:0.001000s ]
INFO: [ app_init ] --END-- [ RunTime:0.001000s ]
INFO: [ app_begin ] --START--
INFO: Run Behavior\ReadHtmlCacheBehavior [ RunTime:0.000000s ]
INFO: [ app_begin ] --END-- [ RunTime:0.001000s ]
NOTIC: [8] Undefined variable: id D:\phpStudy\WWW\royal\php\Application\Home\Controller\IndexController.class.php 第 84 行.
NOTIC: [8] Undefined variable: key D:\phpStudy\WWW\royal\php\Application\Home\Controller\IndexController.class.php 第 84 行.
NOTIC: [8] Undefined variable: postdata D:\phpStudy\WWW\royal\php\Application\Home\Controller\IndexController.class.php 第 86 行.
NOTIC: [8] Undefined index: jsapi_ticket D:\phpStudy\WWW\royal\php\Application\Home\Controller\IndexController.class.php 第 88 行.
NOTIC: [2] mdecrypt_generic(): An empty string was passed D:\phpStudy\WWW\royal\php\Application\Home\Controller\IndexController.class.php 第 203 行.
NOTIC: [2] json_decode() expects parameter 1 to be string, array given D:\phpStudy\WWW\royal\php\Application\Home\Controller\IndexController.class.php 第 62 行.
NOTIC: [8] Undefined variable: fans D:\phpStudy\WWW\royal\php\Application\Home\Controller\IndexController.class.php 第 33 行.
INFO: [ view_parse ] --START--
INFO: [ template_filter ] --START--
INFO: Run Behavior\ContentReplaceBehavior [ RunTime:0.000000s ]
INFO: [ template_filter ] --END-- [ RunTime:0.000000s ]
NOTIC: [8] Undefined variable: nickname D:\phpStudy\WWW\royal\php\Application\Runtime\Cache\Home\2a94b8bda04ff446dcedd42276fc99ee.php 第 19 行.
NOTIC: [8] Undefined variable: isold D:\phpStudy\WWW\royal\php\Application\Runtime\Cache\Home\2a94b8bda04ff446dcedd42276fc99ee.php 第 20 行.
NOTIC: [8] Undefined variable: openid D:\phpStudy\WWW\royal\php\Application\Runtime\Cache\Home\2a94b8bda04ff446dcedd42276fc99ee.php 第 148 行.
NOTIC: [8] Undefined variable: nickname D:\phpStudy\WWW\royal\php\Application\Runtime\Cache\Home\2a94b8bda04ff446dcedd42276fc99ee.php 第 173 行.
NOTIC: [8] Undefined variable: nickname D:\phpStudy\WWW\royal\php\Application\Runtime\Cache\Home\2a94b8bda04ff446dcedd42276fc99ee.php 第 211 行.
INFO: Run Behavior\ParseTemplateBehavior [ RunTime:0.007000s ]
INFO: [ view_parse ] --END-- [ RunTime:0.007000s ]
INFO: [ view_filter ] --START--
INFO: Run Behavior\WriteHtmlCacheBehavior [ RunTime:0.000000s ]
INFO: [ view_filter ] --END-- [ RunTime:0.000000s ]
INFO: [ app_end ] --START--
INFO: Run Behavior\ShowPageTraceBehavior [ RunTime:0.000000s ]
INFO: [ app_end ] --END-- [ RunTime:0.000000s ]

[ 2018-01-03T11:16:19+08:00 ] 127.0.0.1 /royal/php/
INFO: [ app_init ] --START--
INFO: Run Behavior\BuildLiteBehavior [ RunTime:0.000000s ]
INFO: [ app_init ] --END-- [ RunTime:0.001000s ]
INFO: [ app_begin ] --START--
INFO: Run Behavior\ReadHtmlCacheBehavior [ RunTime:0.001000s ]
INFO: [ app_begin ] --END-- [ RunTime:0.001000s ]
NOTIC: [8] Undefined variable: id D:\phpStudy\WWW\royal\php\Application\Home\Controller\IndexController.class.php 第 83 行.
NOTIC: [8] Undefined variable: key D:\phpStudy\WWW\royal\php\Application\Home\Controller\IndexController.class.php 第 83 行.
NOTIC: [8] Undefined variable: postdata D:\phpStudy\WWW\royal\php\Application\Home\Controller\IndexController.class.php 第 85 行.
NOTIC: [8] Undefined index: jsapi_ticket D:\phpStudy\WWW\royal\php\Application\Home\Controller\IndexController.class.php 第 88 行.
NOTIC: [2] mdecrypt_generic(): An empty string was passed D:\phpStudy\WWW\royal\php\Application\Home\Controller\IndexController.class.php 第 203 行.
NOTIC: [2] json_decode() expects parameter 1 to be string, array given D:\phpStudy\WWW\royal\php\Application\Home\Controller\IndexController.class.php 第 61 行.
NOTIC: [8] Undefined variable: fans D:\phpStudy\WWW\royal\php\Application\Home\Controller\IndexController.class.php 第 33 行.
INFO: [ view_parse ] --START--
INFO: [ template_filter ] --START--
INFO: Run Behavior\ContentReplaceBehavior [ RunTime:0.000000s ]
INFO: [ template_filter ] --END-- [ RunTime:0.000000s ]
NOTIC: [8] Undefined variable: nickname D:\phpStudy\WWW\royal\php\Application\Runtime\Cache\Home\2a94b8bda04ff446dcedd42276fc99ee.php 第 19 行.
NOTIC: [8] Undefined variable: isold D:\phpStudy\WWW\royal\php\Application\Runtime\Cache\Home\2a94b8bda04ff446dcedd42276fc99ee.php 第 20 行.
NOTIC: [8] Undefined variable: openid D:\phpStudy\WWW\royal\php\Application\Runtime\Cache\Home\2a94b8bda04ff446dcedd42276fc99ee.php 第 148 行.
NOTIC: [8] Undefined variable: nickname D:\phpStudy\WWW\royal\php\Application\Runtime\Cache\Home\2a94b8bda04ff446dcedd42276fc99ee.php 第 173 行.
NOTIC: [8] Undefined variable: nickname D:\phpStudy\WWW\royal\php\Application\Runtime\Cache\Home\2a94b8bda04ff446dcedd42276fc99ee.php 第 211 行.
INFO: Run Behavior\ParseTemplateBehavior [ RunTime:0.007000s ]
INFO: [ view_parse ] --END-- [ RunTime:0.007000s ]
INFO: [ view_filter ] --START--
INFO: Run Behavior\WriteHtmlCacheBehavior [ RunTime:0.000000s ]
INFO: [ view_filter ] --END-- [ RunTime:0.000000s ]
INFO: [ app_end ] --START--
INFO: Run Behavior\ShowPageTraceBehavior [ RunTime:0.000000s ]
INFO: [ app_end ] --END-- [ RunTime:0.000000s ]

[ 2018-01-03T11:16:40+08:00 ] 127.0.0.1 /royal/php/
INFO: [ app_init ] --START--
INFO: Run Behavior\BuildLiteBehavior [ RunTime:0.000000s ]
INFO: [ app_init ] --END-- [ RunTime:0.000000s ]
INFO: [ app_begin ] --START--
INFO: Run Behavior\ReadHtmlCacheBehavior [ RunTime:0.001000s ]
INFO: [ app_begin ] --END-- [ RunTime:0.001000s ]
NOTIC: [8] Undefined variable: key D:\phpStudy\WWW\royal\php\Application\Home\Controller\IndexController.class.php 第 83 行.
NOTIC: [8] Undefined variable: postdata D:\phpStudy\WWW\royal\php\Application\Home\Controller\IndexController.class.php 第 85 行.
NOTIC: [8] Undefined index: jsapi_ticket D:\phpStudy\WWW\royal\php\Application\Home\Controller\IndexController.class.php 第 88 行.
NOTIC: [2] mdecrypt_generic(): An empty string was passed D:\phpStudy\WWW\royal\php\Application\Home\Controller\IndexController.class.php 第 203 行.
NOTIC: [2] json_decode() expects parameter 1 to be string, array given D:\phpStudy\WWW\royal\php\Application\Home\Controller\IndexController.class.php 第 61 行.
NOTIC: [8] Undefined variable: fans D:\phpStudy\WWW\royal\php\Application\Home\Controller\IndexController.class.php 第 33 行.
INFO: [ view_parse ] --START--
INFO: [ template_filter ] --START--
INFO: Run Behavior\ContentReplaceBehavior [ RunTime:0.000000s ]
INFO: [ template_filter ] --END-- [ RunTime:0.000000s ]
NOTIC: [8] Undefined variable: nickname D:\phpStudy\WWW\royal\php\Application\Runtime\Cache\Home\2a94b8bda04ff446dcedd42276fc99ee.php 第 19 行.
NOTIC: [8] Undefined variable: isold D:\phpStudy\WWW\royal\php\Application\Runtime\Cache\Home\2a94b8bda04ff446dcedd42276fc99ee.php 第 20 行.
NOTIC: [8] Undefined variable: openid D:\phpStudy\WWW\royal\php\Application\Runtime\Cache\Home\2a94b8bda04ff446dcedd42276fc99ee.php 第 148 行.
NOTIC: [8] Undefined variable: nickname D:\phpStudy\WWW\royal\php\Application\Runtime\Cache\Home\2a94b8bda04ff446dcedd42276fc99ee.php 第 173 行.
NOTIC: [8] Undefined variable: nickname D:\phpStudy\WWW\royal\php\Application\Runtime\Cache\Home\2a94b8bda04ff446dcedd42276fc99ee.php 第 211 行.
INFO: Run Behavior\ParseTemplateBehavior [ RunTime:0.007000s ]
INFO: [ view_parse ] --END-- [ RunTime:0.007000s ]
INFO: [ view_filter ] --START--
INFO: Run Behavior\WriteHtmlCacheBehavior [ RunTime:0.001000s ]
INFO: [ view_filter ] --END-- [ RunTime:0.001000s ]
INFO: [ app_end ] --START--
INFO: Run Behavior\ShowPageTraceBehavior [ RunTime:0.001000s ]
INFO: [ app_end ] --END-- [ RunTime:0.001000s ]

[ 2018-01-03T11:17:13+08:00 ] 127.0.0.1 /royal/php/
INFO: [ app_init ] --START--
INFO: Run Behavior\BuildLiteBehavior [ RunTime:0.000000s ]
INFO: [ app_init ] --END-- [ RunTime:0.000000s ]
INFO: [ app_begin ] --START--
INFO: Run Behavior\ReadHtmlCacheBehavior [ RunTime:0.000000s ]
INFO: [ app_begin ] --END-- [ RunTime:0.000000s ]
NOTIC: [8] Undefined variable: key D:\phpStudy\WWW\royal\php\Application\Home\Controller\IndexController.class.php 第 83 行.
NOTIC: [8] Undefined variable: postdata D:\phpStudy\WWW\royal\php\Application\Home\Controller\IndexController.class.php 第 85 行.
NOTIC: [8] Undefined index: jsapi_ticket D:\phpStudy\WWW\royal\php\Application\Home\Controller\IndexController.class.php 第 88 行.
NOTIC: [2] mdecrypt_generic(): An empty string was passed D:\phpStudy\WWW\royal\php\Application\Home\Controller\IndexController.class.php 第 203 行.
NOTIC: [2] json_decode() expects parameter 1 to be string, array given D:\phpStudy\WWW\royal\php\Application\Home\Controller\IndexController.class.php 第 61 行.
NOTIC: [8] Undefined variable: fans D:\phpStudy\WWW\royal\php\Application\Home\Controller\IndexController.class.php 第 33 行.
INFO: [ view_parse ] --START--
INFO: [ template_filter ] --START--
INFO: Run Behavior\ContentReplaceBehavior [ RunTime:0.000000s ]
INFO: [ template_filter ] --END-- [ RunTime:0.000000s ]
NOTIC: [8] Undefined variable: nickname D:\phpStudy\WWW\royal\php\Application\Runtime\Cache\Home\2a94b8bda04ff446dcedd42276fc99ee.php 第 19 行.
NOTIC: [8] Undefined variable: isold D:\phpStudy\WWW\royal\php\Application\Runtime\Cache\Home\2a94b8bda04ff446dcedd42276fc99ee.php 第 20 行.
NOTIC: [8] Undefined variable: openid D:\phpStudy\WWW\royal\php\Application\Runtime\Cache\Home\2a94b8bda04ff446dcedd42276fc99ee.php 第 148 行.
NOTIC: [8] Undefined variable: nickname D:\phpStudy\WWW\royal\php\Application\Runtime\Cache\Home\2a94b8bda04ff446dcedd42276fc99ee.php 第 173 行.
NOTIC: [8] Undefined variable: nickname D:\phpStudy\WWW\royal\php\Application\Runtime\Cache\Home\2a94b8bda04ff446dcedd42276fc99ee.php 第 211 行.
INFO: Run Behavior\ParseTemplateBehavior [ RunTime:0.007000s ]
INFO: [ view_parse ] --END-- [ RunTime:0.007000s ]
INFO: [ view_filter ] --START--
INFO: Run Behavior\WriteHtmlCacheBehavior [ RunTime:0.000000s ]
INFO: [ view_filter ] --END-- [ RunTime:0.000000s ]
INFO: [ app_end ] --START--
INFO: Run Behavior\ShowPageTraceBehavior [ RunTime:0.001000s ]
INFO: [ app_end ] --END-- [ RunTime:0.001000s ]

[ 2018-01-03T11:18:08+08:00 ] 127.0.0.1 /royal/php/
INFO: [ app_init ] --START--
INFO: Run Behavior\BuildLiteBehavior [ RunTime:0.000000s ]
INFO: [ app_init ] --END-- [ RunTime:0.000000s ]
INFO: [ app_begin ] --START--
INFO: Run Behavior\ReadHtmlCacheBehavior [ RunTime:0.001000s ]
INFO: [ app_begin ] --END-- [ RunTime:0.001000s ]
NOTIC: [8] Undefined variable: key D:\phpStudy\WWW\royal\php\Application\Home\Controller\IndexController.class.php 第 83 行.
NOTIC: [8] Undefined variable: postdata D:\phpStudy\WWW\royal\php\Application\Home\Controller\IndexController.class.php 第 85 行.
NOTIC: [8] Undefined index: jsapi_ticket D:\phpStudy\WWW\royal\php\Application\Home\Controller\IndexController.class.php 第 88 行.
NOTIC: [2] mdecrypt_generic(): An empty string was passed D:\phpStudy\WWW\royal\php\Application\Home\Controller\IndexController.class.php 第 203 行.
NOTIC: [2] json_decode() expects parameter 1 to be string, array given D:\phpStudy\WWW\royal\php\Application\Home\Controller\IndexController.class.php 第 61 行.
NOTIC: [8] Undefined variable: fans D:\phpStudy\WWW\royal\php\Application\Home\Controller\IndexController.class.php 第 33 行.
INFO: [ view_parse ] --START--
INFO: [ template_filter ] --START--
INFO: Run Behavior\ContentReplaceBehavior [ RunTime:0.000000s ]
INFO: [ template_filter ] --END-- [ RunTime:0.000000s ]
NOTIC: [8] Undefined variable: nickname D:\phpStudy\WWW\royal\php\Application\Runtime\Cache\Home\2a94b8bda04ff446dcedd42276fc99ee.php 第 19 行.
NOTIC: [8] Undefined variable: isold D:\phpStudy\WWW\royal\php\Application\Runtime\Cache\Home\2a94b8bda04ff446dcedd42276fc99ee.php 第 20 行.
NOTIC: [8] Undefined variable: openid D:\phpStudy\WWW\royal\php\Application\Runtime\Cache\Home\2a94b8bda04ff446dcedd42276fc99ee.php 第 148 行.
NOTIC: [8] Undefined variable: nickname D:\phpStudy\WWW\royal\php\Application\Runtime\Cache\Home\2a94b8bda04ff446dcedd42276fc99ee.php 第 173 行.
NOTIC: [8] Undefined variable: nickname D:\phpStudy\WWW\royal\php\Application\Runtime\Cache\Home\2a94b8bda04ff446dcedd42276fc99ee.php 第 211 行.
INFO: Run Behavior\ParseTemplateBehavior [ RunTime:0.007000s ]
INFO: [ view_parse ] --END-- [ RunTime:0.007000s ]
INFO: [ view_filter ] --START--
INFO: Run Behavior\WriteHtmlCacheBehavior [ RunTime:0.000000s ]
INFO: [ view_filter ] --END-- [ RunTime:0.000000s ]
INFO: [ app_end ] --START--
INFO: Run Behavior\ShowPageTraceBehavior [ RunTime:0.001000s ]
INFO: [ app_end ] --END-- [ RunTime:0.001000s ]

[ 2018-01-03T11:19:21+08:00 ] 127.0.0.1 /royal/php/
INFO: [ app_init ] --START--
INFO: Run Behavior\BuildLiteBehavior [ RunTime:0.000000s ]
INFO: [ app_init ] --END-- [ RunTime:0.000000s ]
INFO: [ app_begin ] --START--
INFO: Run Behavior\ReadHtmlCacheBehavior [ RunTime:0.000000s ]
INFO: [ app_begin ] --END-- [ RunTime:0.001000s ]
NOTIC: [8] Undefined variable: postdata D:\phpStudy\WWW\royal\php\Application\Home\Controller\IndexController.class.php 第 85 行.
NOTIC: [8] Undefined index: jsapi_ticket D:\phpStudy\WWW\royal\php\Application\Home\Controller\IndexController.class.php 第 88 行.
NOTIC: [2] mdecrypt_generic(): An empty string was passed D:\phpStudy\WWW\royal\php\Application\Home\Controller\IndexController.class.php 第 203 行.
NOTIC: [8] Undefined variable: url D:\phpStudy\WWW\royal\php\Application\Home\Controller\IndexController.class.php 第 99 行.
NOTIC: [8] Undefined variable: url D:\phpStudy\WWW\royal\php\Application\Home\Controller\IndexController.class.php 第 105 行.
NOTIC: [2] json_decode() expects parameter 1 to be string, array given D:\phpStudy\WWW\royal\php\Application\Home\Controller\IndexController.class.php 第 61 行.
NOTIC: [8] Undefined variable: fans D:\phpStudy\WWW\royal\php\Application\Home\Controller\IndexController.class.php 第 33 行.
INFO: [ view_parse ] --START--
INFO: [ template_filter ] --START--
INFO: Run Behavior\ContentReplaceBehavior [ RunTime:0.000000s ]
INFO: [ template_filter ] --END-- [ RunTime:0.000000s ]
NOTIC: [8] Undefined variable: nickname D:\phpStudy\WWW\royal\php\Application\Runtime\Cache\Home\2a94b8bda04ff446dcedd42276fc99ee.php 第 19 行.
NOTIC: [8] Undefined variable: isold D:\phpStudy\WWW\royal\php\Application\Runtime\Cache\Home\2a94b8bda04ff446dcedd42276fc99ee.php 第 20 行.
NOTIC: [8] Undefined variable: openid D:\phpStudy\WWW\royal\php\Application\Runtime\Cache\Home\2a94b8bda04ff446dcedd42276fc99ee.php 第 148 行.
NOTIC: [8] Undefined variable: nickname D:\phpStudy\WWW\royal\php\Application\Runtime\Cache\Home\2a94b8bda04ff446dcedd42276fc99ee.php 第 173 行.
NOTIC: [8] Undefined variable: nickname D:\phpStudy\WWW\royal\php\Application\Runtime\Cache\Home\2a94b8bda04ff446dcedd42276fc99ee.php 第 211 行.
INFO: Run Behavior\ParseTemplateBehavior [ RunTime:0.008000s ]
INFO: [ view_parse ] --END-- [ RunTime:0.008000s ]
INFO: [ view_filter ] --START--
INFO: Run Behavior\WriteHtmlCacheBehavior [ RunTime:0.000000s ]
INFO: [ view_filter ] --END-- [ RunTime:0.000000s ]
INFO: [ app_end ] --START--
INFO: Run Behavior\ShowPageTraceBehavior [ RunTime:0.000000s ]
INFO: [ app_end ] --END-- [ RunTime:0.000000s ]

[ 2018-01-03T11:20:40+08:00 ] 127.0.0.1 /royal/php/
INFO: [ app_init ] --START--
INFO: Run Behavior\BuildLiteBehavior [ RunTime:0.000000s ]
INFO: [ app_init ] --END-- [ RunTime:0.001000s ]
INFO: [ app_begin ] --START--
INFO: Run Behavior\ReadHtmlCacheBehavior [ RunTime:0.001000s ]
INFO: [ app_begin ] --END-- [ RunTime:0.001000s ]
NOTIC: [8] Undefined variable: postdata D:\phpStudy\WWW\royal\php\Application\Home\Controller\IndexController.class.php 第 86 行.
NOTIC: [2] json_decode() expects parameter 1 to be string, array given D:\phpStudy\WWW\royal\php\Application\Home\Controller\IndexController.class.php 第 61 行.
NOTIC: [8] Undefined variable: fans D:\phpStudy\WWW\royal\php\Application\Home\Controller\IndexController.class.php 第 33 行.
INFO: [ view_parse ] --START--
INFO: [ template_filter ] --START--
INFO: Run Behavior\ContentReplaceBehavior [ RunTime:0.001000s ]
INFO: [ template_filter ] --END-- [ RunTime:0.001000s ]
NOTIC: [8] Undefined variable: nickname D:\phpStudy\WWW\royal\php\Application\Runtime\Cache\Home\2a94b8bda04ff446dcedd42276fc99ee.php 第 19 行.
NOTIC: [8] Undefined variable: isold D:\phpStudy\WWW\royal\php\Application\Runtime\Cache\Home\2a94b8bda04ff446dcedd42276fc99ee.php 第 20 行.
NOTIC: [8] Undefined variable: openid D:\phpStudy\WWW\royal\php\Application\Runtime\Cache\Home\2a94b8bda04ff446dcedd42276fc99ee.php 第 148 行.
NOTIC: [8] Undefined variable: nickname D:\phpStudy\WWW\royal\php\Application\Runtime\Cache\Home\2a94b8bda04ff446dcedd42276fc99ee.php 第 173 行.
NOTIC: [8] Undefined variable: nickname D:\phpStudy\WWW\royal\php\Application\Runtime\Cache\Home\2a94b8bda04ff446dcedd42276fc99ee.php 第 211 行.
INFO: Run Behavior\ParseTemplateBehavior [ RunTime:0.007000s ]
INFO: [ view_parse ] --END-- [ RunTime:0.007000s ]
INFO: [ view_filter ] --START--
INFO: Run Behavior\WriteHtmlCacheBehavior [ RunTime:0.000000s ]
INFO: [ view_filter ] --END-- [ RunTime:0.000000s ]
INFO: [ app_end ] --START--
INFO: Run Behavior\ShowPageTraceBehavior [ RunTime:0.000000s ]
INFO: [ app_end ] --END-- [ RunTime:0.000000s ]

[ 2018-01-03T11:21:37+08:00 ] 127.0.0.1 /royal/php/
INFO: [ app_init ] --START--
INFO: Run Behavior\BuildLiteBehavior [ RunTime:0.000000s ]
INFO: [ app_init ] --END-- [ RunTime:0.000000s ]
INFO: [ app_begin ] --START--
INFO: Run Behavior\ReadHtmlCacheBehavior [ RunTime:0.001000s ]
INFO: [ app_begin ] --END-- [ RunTime:0.001000s ]
NOTIC: [8] Undefined variable: postdata D:\phpStudy\WWW\royal\php\Application\Home\Controller\IndexController.class.php 第 86 行.
NOTIC: [2] json_decode() expects parameter 1 to be string, array given D:\phpStudy\WWW\royal\php\Application\Home\Controller\IndexController.class.php 第 61 行.
NOTIC: [8] Undefined variable: fans D:\phpStudy\WWW\royal\php\Application\Home\Controller\IndexController.class.php 第 33 行.
INFO: [ view_parse ] --START--
INFO: [ template_filter ] --START--
INFO: Run Behavior\ContentReplaceBehavior [ RunTime:0.000000s ]
INFO: [ template_filter ] --END-- [ RunTime:0.000000s ]
NOTIC: [8] Undefined variable: nickname D:\phpStudy\WWW\royal\php\Application\Runtime\Cache\Home\2a94b8bda04ff446dcedd42276fc99ee.php 第 19 行.
NOTIC: [8] Undefined variable: isold D:\phpStudy\WWW\royal\php\Application\Runtime\Cache\Home\2a94b8bda04ff446dcedd42276fc99ee.php 第 20 行.
NOTIC: [8] Undefined variable: openid D:\phpStudy\WWW\royal\php\Application\Runtime\Cache\Home\2a94b8bda04ff446dcedd42276fc99ee.php 第 148 行.
NOTIC: [8] Undefined variable: nickname D:\phpStudy\WWW\royal\php\Application\Runtime\Cache\Home\2a94b8bda04ff446dcedd42276fc99ee.php 第 173 行.
NOTIC: [8] Undefined variable: nickname D:\phpStudy\WWW\royal\php\Application\Runtime\Cache\Home\2a94b8bda04ff446dcedd42276fc99ee.php 第 211 行.
INFO: Run Behavior\ParseTemplateBehavior [ RunTime:0.007000s ]
INFO: [ view_parse ] --END-- [ RunTime:0.007000s ]
INFO: [ view_filter ] --START--
INFO: Run Behavior\WriteHtmlCacheBehavior [ RunTime:0.001000s ]
INFO: [ view_filter ] --END-- [ RunTime:0.001000s ]
INFO: [ app_end ] --START--
INFO: Run Behavior\ShowPageTraceBehavior [ RunTime:0.001000s ]
INFO: [ app_end ] --END-- [ RunTime:0.001000s ]

[ 2018-01-03T11:24:42+08:00 ] 127.0.0.1 /royal/php/
INFO: [ app_init ] --START--
INFO: Run Behavior\BuildLiteBehavior [ RunTime:0.000000s ]
INFO: [ app_init ] --END-- [ RunTime:0.001000s ]
INFO: [ app_begin ] --START--
INFO: Run Behavior\ReadHtmlCacheBehavior [ RunTime:0.001000s ]
INFO: [ app_begin ] --END-- [ RunTime:0.001000s ]
NOTIC: [8] Undefined variable: postdata D:\phpStudy\WWW\royal\php\Application\Home\Controller\IndexController.class.php 第 86 行.
NOTIC: [2] json_decode() expects parameter 1 to be string, array given D:\phpStudy\WWW\royal\php\Application\Home\Controller\IndexController.class.php 第 61 行.
NOTIC: [8] Undefined variable: fans D:\phpStudy\WWW\royal\php\Application\Home\Controller\IndexController.class.php 第 33 行.
INFO: [ view_parse ] --START--
INFO: [ template_filter ] --START--
INFO: Run Behavior\ContentReplaceBehavior [ RunTime:0.000000s ]
INFO: [ template_filter ] --END-- [ RunTime:0.000000s ]
NOTIC: [8] Undefined variable: nickname D:\phpStudy\WWW\royal\php\Application\Runtime\Cache\Home\2a94b8bda04ff446dcedd42276fc99ee.php 第 19 行.
NOTIC: [8] Undefined variable: isold D:\phpStudy\WWW\royal\php\Application\Runtime\Cache\Home\2a94b8bda04ff446dcedd42276fc99ee.php 第 20 行.
NOTIC: [8] Undefined variable: openid D:\phpStudy\WWW\royal\php\Application\Runtime\Cache\Home\2a94b8bda04ff446dcedd42276fc99ee.php 第 148 行.
NOTIC: [8] Undefined variable: nickname D:\phpStudy\WWW\royal\php\Application\Runtime\Cache\Home\2a94b8bda04ff446dcedd42276fc99ee.php 第 173 行.
NOTIC: [8] Undefined variable: nickname D:\phpStudy\WWW\royal\php\Application\Runtime\Cache\Home\2a94b8bda04ff446dcedd42276fc99ee.php 第 211 行.
INFO: Run Behavior\ParseTemplateBehavior [ RunTime:0.007000s ]
INFO: [ view_parse ] --END-- [ RunTime:0.007000s ]
INFO: [ view_filter ] --START--
INFO: Run Behavior\WriteHtmlCacheBehavior [ RunTime:0.001000s ]
INFO: [ view_filter ] --END-- [ RunTime:0.001000s ]
INFO: [ app_end ] --START--
INFO: Run Behavior\ShowPageTraceBehavior [ RunTime:0.001000s ]
INFO: [ app_end ] --END-- [ RunTime:0.001000s ]

[ 2018-01-03T11:26:12+08:00 ] 127.0.0.1 /royal/php/
INFO: [ app_init ] --START--
INFO: Run Behavior\BuildLiteBehavior [ RunTime:0.000000s ]
INFO: [ app_init ] --END-- [ RunTime:0.001000s ]
INFO: [ app_begin ] --START--
INFO: Run Behavior\ReadHtmlCacheBehavior [ RunTime:0.001000s ]
INFO: [ app_begin ] --END-- [ RunTime:0.001000s ]
NOTIC: [8] Undefined variable: postdata D:\phpStudy\WWW\royal\php\Application\Home\Controller\IndexController.class.php 第 86 行.
NOTIC: [2] json_decode() expects parameter 1 to be string, array given D:\phpStudy\WWW\royal\php\Application\Home\Controller\IndexController.class.php 第 61 行.
NOTIC: [8] Undefined variable: fans D:\phpStudy\WWW\royal\php\Application\Home\Controller\IndexController.class.php 第 33 行.
INFO: [ view_parse ] --START--
INFO: [ template_filter ] --START--
INFO: Run Behavior\ContentReplaceBehavior [ RunTime:0.000000s ]
INFO: [ template_filter ] --END-- [ RunTime:0.000000s ]
NOTIC: [8] Undefined variable: nickname D:\phpStudy\WWW\royal\php\Application\Runtime\Cache\Home\2a94b8bda04ff446dcedd42276fc99ee.php 第 19 行.
NOTIC: [8] Undefined variable: isold D:\phpStudy\WWW\royal\php\Application\Runtime\Cache\Home\2a94b8bda04ff446dcedd42276fc99ee.php 第 20 行.
NOTIC: [8] Undefined variable: openid D:\phpStudy\WWW\royal\php\Application\Runtime\Cache\Home\2a94b8bda04ff446dcedd42276fc99ee.php 第 148 行.
NOTIC: [8] Undefined variable: nickname D:\phpStudy\WWW\royal\php\Application\Runtime\Cache\Home\2a94b8bda04ff446dcedd42276fc99ee.php 第 173 行.
NOTIC: [8] Undefined variable: nickname D:\phpStudy\WWW\royal\php\Application\Runtime\Cache\Home\2a94b8bda04ff446dcedd42276fc99ee.php 第 211 行.
INFO: Run Behavior\ParseTemplateBehavior [ RunTime:0.007000s ]
INFO: [ view_parse ] --END-- [ RunTime:0.007000s ]
INFO: [ view_filter ] --START--
INFO: Run Behavior\WriteHtmlCacheBehavior [ RunTime:0.001000s ]
INFO: [ view_filter ] --END-- [ RunTime:0.001000s ]
INFO: [ app_end ] --START--
INFO: Run Behavior\ShowPageTraceBehavior [ RunTime:0.001000s ]
INFO: [ app_end ] --END-- [ RunTime:0.001000s ]

[ 2018-01-03T11:27:44+08:00 ] 127.0.0.1 /royal/php/
INFO: [ app_init ] --START--
INFO: Run Behavior\BuildLiteBehavior [ RunTime:0.000000s ]
INFO: [ app_init ] --END-- [ RunTime:0.001000s ]
INFO: [ app_begin ] --START--
INFO: Run Behavior\ReadHtmlCacheBehavior [ RunTime:0.000000s ]
INFO: [ app_begin ] --END-- [ RunTime:0.000000s ]
NOTIC: [8] Undefined variable: postdata D:\phpStudy\WWW\royal\php\Application\Home\Controller\IndexController.class.php 第 86 行.
NOTIC: [2] json_decode() expects parameter 1 to be string, array given D:\phpStudy\WWW\royal\php\Application\Home\Controller\IndexController.class.php 第 61 行.
NOTIC: [8] Undefined variable: fans D:\phpStudy\WWW\royal\php\Application\Home\Controller\IndexController.class.php 第 33 行.
INFO: [ view_parse ] --START--
INFO: [ template_filter ] --START--
INFO: Run Behavior\ContentReplaceBehavior [ RunTime:0.000000s ]
INFO: [ template_filter ] --END-- [ RunTime:0.001000s ]
NOTIC: [8] Undefined variable: nickname D:\phpStudy\WWW\royal\php\Application\Runtime\Cache\Home\2a94b8bda04ff446dcedd42276fc99ee.php 第 19 行.
NOTIC: [8] Undefined variable: isold D:\phpStudy\WWW\royal\php\Application\Runtime\Cache\Home\2a94b8bda04ff446dcedd42276fc99ee.php 第 20 行.
NOTIC: [8] Undefined variable: openid D:\phpStudy\WWW\royal\php\Application\Runtime\Cache\Home\2a94b8bda04ff446dcedd42276fc99ee.php 第 148 行.
NOTIC: [8] Undefined variable: nickname D:\phpStudy\WWW\royal\php\Application\Runtime\Cache\Home\2a94b8bda04ff446dcedd42276fc99ee.php 第 173 行.
NOTIC: [8] Undefined variable: nickname D:\phpStudy\WWW\royal\php\Application\Runtime\Cache\Home\2a94b8bda04ff446dcedd42276fc99ee.php 第 211 行.
INFO: Run Behavior\ParseTemplateBehavior [ RunTime:0.007000s ]
INFO: [ view_parse ] --END-- [ RunTime:0.007000s ]
INFO: [ view_filter ] --START--
INFO: Run Behavior\WriteHtmlCacheBehavior [ RunTime:0.000000s ]
INFO: [ view_filter ] --END-- [ RunTime:0.000000s ]
INFO: [ app_end ] --START--
INFO: Run Behavior\ShowPageTraceBehavior [ RunTime:0.001000s ]
INFO: [ app_end ] --END-- [ RunTime:0.001000s ]

[ 2018-01-03T11:35:22+08:00 ] 127.0.0.1 /royal/php/
INFO: [ app_init ] --START--
INFO: Run Behavior\BuildLiteBehavior [ RunTime:0.000000s ]
INFO: [ app_init ] --END-- [ RunTime:0.000000s ]
INFO: [ app_begin ] --START--
INFO: Run Behavior\ReadHtmlCacheBehavior [ RunTime:0.001000s ]
INFO: [ app_begin ] --END-- [ RunTime:0.001000s ]
NOTIC: [8] Undefined variable: postdata D:\phpStudy\WWW\royal\php\Application\Home\Controller\IndexController.class.php 第 86 行.
NOTIC: [2] json_decode() expects parameter 1 to be string, array given D:\phpStudy\WWW\royal\php\Application\Home\Controller\IndexController.class.php 第 61 行.
NOTIC: [8] Undefined variable: fans D:\phpStudy\WWW\royal\php\Application\Home\Controller\IndexController.class.php 第 33 行.
INFO: [ view_parse ] --START--
INFO: [ template_filter ] --START--
INFO: Run Behavior\ContentReplaceBehavior [ RunTime:0.000000s ]
INFO: [ template_filter ] --END-- [ RunTime:0.000000s ]
NOTIC: [8] Undefined variable: nickname D:\phpStudy\WWW\royal\php\Application\Runtime\Cache\Home\2a94b8bda04ff446dcedd42276fc99ee.php 第 19 行.
NOTIC: [8] Undefined variable: isold D:\phpStudy\WWW\royal\php\Application\Runtime\Cache\Home\2a94b8bda04ff446dcedd42276fc99ee.php 第 20 行.
NOTIC: [8] Undefined variable: openid D:\phpStudy\WWW\royal\php\Application\Runtime\Cache\Home\2a94b8bda04ff446dcedd42276fc99ee.php 第 148 行.
NOTIC: [8] Undefined variable: nickname D:\phpStudy\WWW\royal\php\Application\Runtime\Cache\Home\2a94b8bda04ff446dcedd42276fc99ee.php 第 173 行.
NOTIC: [8] Undefined variable: nickname D:\phpStudy\WWW\royal\php\Application\Runtime\Cache\Home\2a94b8bda04ff446dcedd42276fc99ee.php 第 211 行.
INFO: Run Behavior\ParseTemplateBehavior [ RunTime:0.008000s ]
INFO: [ view_parse ] --END-- [ RunTime:0.008000s ]
INFO: [ view_filter ] --START--
INFO: Run Behavior\WriteHtmlCacheBehavior [ RunTime:0.001000s ]
INFO: [ view_filter ] --END-- [ RunTime:0.001000s ]
INFO: [ app_end ] --START--
INFO: Run Behavior\ShowPageTraceBehavior [ RunTime:0.001000s ]
INFO: [ app_end ] --END-- [ RunTime:0.001000s ]

[ 2018-01-03T15:46:37+08:00 ] 127.0.0.1 /royal/php/
INFO: [ app_init ] --START--
INFO: Run Behavior\BuildLiteBehavior [ RunTime:0.000000s ]
INFO: [ app_init ] --END-- [ RunTime:0.001000s ]
INFO: [ app_begin ] --START--
INFO: Run Behavior\ReadHtmlCacheBehavior [ RunTime:0.000000s ]
INFO: [ app_begin ] --END-- [ RunTime:0.000000s ]
NOTIC: [8] Undefined variable: postdata D:\phpStudy\WWW\royal\php\Application\Home\Controller\IndexController.class.php 第 86 行.
NOTIC: [2] json_decode() expects parameter 1 to be string, array given D:\phpStudy\WWW\royal\php\Application\Home\Controller\IndexController.class.php 第 61 行.
NOTIC: [8] Undefined variable: fans D:\phpStudy\WWW\royal\php\Application\Home\Controller\IndexController.class.php 第 33 行.
INFO: [ view_parse ] --START--
INFO: [ template_filter ] --START--
INFO: Run Behavior\ContentReplaceBehavior [ RunTime:0.000000s ]
INFO: [ template_filter ] --END-- [ RunTime:0.000000s ]
NOTIC: [8] Undefined variable: nickname D:\phpStudy\WWW\royal\php\Application\Runtime\Cache\Home\2a94b8bda04ff446dcedd42276fc99ee.php 第 19 行.
NOTIC: [8] Undefined variable: isold D:\phpStudy\WWW\royal\php\Application\Runtime\Cache\Home\2a94b8bda04ff446dcedd42276fc99ee.php 第 20 行.
NOTIC: [8] Undefined variable: openid D:\phpStudy\WWW\royal\php\Application\Runtime\Cache\Home\2a94b8bda04ff446dcedd42276fc99ee.php 第 148 行.
NOTIC: [8] Undefined variable: nickname D:\phpStudy\WWW\royal\php\Application\Runtime\Cache\Home\2a94b8bda04ff446dcedd42276fc99ee.php 第 173 行.
NOTIC: [8] Undefined variable: nickname D:\phpStudy\WWW\royal\php\Application\Runtime\Cache\Home\2a94b8bda04ff446dcedd42276fc99ee.php 第 211 行.
INFO: Run Behavior\ParseTemplateBehavior [ RunTime:0.008000s ]
INFO: [ view_parse ] --END-- [ RunTime:0.008000s ]
INFO: [ view_filter ] --START--
INFO: Run Behavior\WriteHtmlCacheBehavior [ RunTime:0.001000s ]
INFO: [ view_filter ] --END-- [ RunTime:0.001000s ]
INFO: [ app_end ] --START--
INFO: Run Behavior\ShowPageTraceBehavior [ RunTime:0.001000s ]
INFO: [ app_end ] --END-- [ RunTime:0.001000s ]

[ 2018-01-03T15:46:40+08:00 ] 127.0.0.1 /royal/php/
INFO: [ app_init ] --START--
INFO: Run Behavior\BuildLiteBehavior [ RunTime:0.000000s ]
INFO: [ app_init ] --END-- [ RunTime:0.001000s ]
INFO: [ app_begin ] --START--
INFO: Run Behavior\ReadHtmlCacheBehavior [ RunTime:0.000000s ]
INFO: [ app_begin ] --END-- [ RunTime:0.000000s ]
NOTIC: [8] Undefined variable: postdata D:\phpStudy\WWW\royal\php\Application\Home\Controller\IndexController.class.php 第 86 行.
NOTIC: [2] json_decode() expects parameter 1 to be string, array given D:\phpStudy\WWW\royal\php\Application\Home\Controller\IndexController.class.php 第 61 行.
NOTIC: [8] Undefined variable: fans D:\phpStudy\WWW\royal\php\Application\Home\Controller\IndexController.class.php 第 33 行.
INFO: [ view_parse ] --START--
INFO: [ template_filter ] --START--
INFO: Run Behavior\ContentReplaceBehavior [ RunTime:0.000000s ]
INFO: [ template_filter ] --END-- [ RunTime:0.000000s ]
NOTIC: [8] Undefined variable: nickname D:\phpStudy\WWW\royal\php\Application\Runtime\Cache\Home\2a94b8bda04ff446dcedd42276fc99ee.php 第 19 行.
NOTIC: [8] Undefined variable: isold D:\phpStudy\WWW\royal\php\Application\Runtime\Cache\Home\2a94b8bda04ff446dcedd42276fc99ee.php 第 20 行.
NOTIC: [8] Undefined variable: openid D:\phpStudy\WWW\royal\php\Application\Runtime\Cache\Home\2a94b8bda04ff446dcedd42276fc99ee.php 第 148 行.
NOTIC: [8] Undefined variable: nickname D:\phpStudy\WWW\royal\php\Application\Runtime\Cache\Home\2a94b8bda04ff446dcedd42276fc99ee.php 第 173 行.
NOTIC: [8] Undefined variable: nickname D:\phpStudy\WWW\royal\php\Application\Runtime\Cache\Home\2a94b8bda04ff446dcedd42276fc99ee.php 第 211 行.
INFO: Run Behavior\ParseTemplateBehavior [ RunTime:0.007000s ]
INFO: [ view_parse ] --END-- [ RunTime:0.007000s ]
INFO: [ view_filter ] --START--
INFO: Run Behavior\WriteHtmlCacheBehavior [ RunTime:0.001000s ]
INFO: [ view_filter ] --END-- [ RunTime:0.001000s ]
INFO: [ app_end ] --START--
INFO: Run Behavior\ShowPageTraceBehavior [ RunTime:0.001000s ]
INFO: [ app_end ] --END-- [ RunTime:0.001000s ]

[ 2018-01-03T15:46:48+08:00 ] 127.0.0.1 /royal/php/index.php
INFO: [ app_init ] --START--
INFO: Run Behavior\BuildLiteBehavior [ RunTime:0.000000s ]
INFO: [ app_init ] --END-- [ RunTime:0.001000s ]
INFO: [ app_begin ] --START--
INFO: Run Behavior\ReadHtmlCacheBehavior [ RunTime:0.002000s ]
INFO: [ app_begin ] --END-- [ RunTime:0.002000s ]
NOTIC: [8] Undefined index: HTTP_USER_AGENT D:\phpStudy\WWW\royal\php\Application\Home\Controller\IndexController.class.php 第 317 行.
NOTIC: [8] Undefined variable: postdata D:\phpStudy\WWW\royal\php\Application\Home\Controller\IndexController.class.php 第 86 行.
NOTIC: [2] json_decode() expects parameter 1 to be string, array given D:\phpStudy\WWW\royal\php\Application\Home\Controller\IndexController.class.php 第 61 行.
NOTIC: [8] Undefined variable: fans D:\phpStudy\WWW\royal\php\Application\Home\Controller\IndexController.class.php 第 33 行.
INFO: [ view_parse ] --START--
INFO: [ template_filter ] --START--
INFO: Run Behavior\ContentReplaceBehavior [ RunTime:0.000000s ]
INFO: [ template_filter ] --END-- [ RunTime:0.000000s ]
NOTIC: [8] Undefined variable: nickname D:\phpStudy\WWW\royal\php\Application\Runtime\Cache\Home\2a94b8bda04ff446dcedd42276fc99ee.php 第 19 行.
NOTIC: [8] Undefined variable: isold D:\phpStudy\WWW\royal\php\Application\Runtime\Cache\Home\2a94b8bda04ff446dcedd42276fc99ee.php 第 20 行.
NOTIC: [8] Undefined variable: openid D:\phpStudy\WWW\royal\php\Application\Runtime\Cache\Home\2a94b8bda04ff446dcedd42276fc99ee.php 第 148 行.
NOTIC: [8] Undefined variable: nickname D:\phpStudy\WWW\royal\php\Application\Runtime\Cache\Home\2a94b8bda04ff446dcedd42276fc99ee.php 第 173 行.
NOTIC: [8] Undefined variable: nickname D:\phpStudy\WWW\royal\php\Application\Runtime\Cache\Home\2a94b8bda04ff446dcedd42276fc99ee.php 第 211 行.
INFO: Run Behavior\ParseTemplateBehavior [ RunTime:0.010000s ]
INFO: [ view_parse ] --END-- [ RunTime:0.010000s ]
INFO: [ view_filter ] --START--
INFO: Run Behavior\WriteHtmlCacheBehavior [ RunTime:0.001000s ]
INFO: [ view_filter ] --END-- [ RunTime:0.001000s ]
INFO: [ app_end ] --START--
INFO: Run Behavior\ShowPageTraceBehavior [ RunTime:0.002000s ]
INFO: [ app_end ] --END-- [ RunTime:0.002000s ]

